e:\nkucpp大作业开发\opencvprogram\nkuexperimenter\x64\debug\vc143.pdb
e:\nkucpp大作业开发\opencvprogram\nkuexperimenter\x64\debug\vc143.idb
e:\nkucpp大作业开发\opencvprogram\nkuexperimenter\x64\debug\qrc_nkuexperimenter.obj
e:\nkucpp大作业开发\opencvprogram\nkuexperimenter\x64\debug\nkuexperimenter.obj
e:\nkucpp大作业开发\opencvprogram\nkuexperimenter\x64\debug\main.obj
e:\nkucpp大作业开发\opencvprogram\nkuexperimenter\x64\debug\welcome.obj
e:\nkucpp大作业开发\opencvprogram\nkuexperimenter\x64\debug\moc_welcome.obj
e:\nkucpp大作业开发\opencvprogram\nkuexperimenter\x64\debug\moc_nkuexperimenter.obj
e:\nkucpp大作业开发\opencvprogram\nkuexperimenter\x64\debug\moc_helpdoc.obj
e:\nkucpp大作业开发\opencvprogram\nkuexperimenter\x64\debug\helpdoc.obj
e:\nkucpp大作业开发\opencvprogram\nkuexperimenter\x64\debug\nkuexperimenter.exe
e:\nkucpp大作业开发\opencvprogram\nkuexperimenter\x64\debug\nkuexperimenter.ilk
e:\nkucpp大作业开发\opencvprogram\nkuexperimenter\x64\debug\nkuexperimenter.pdb
e:\nkucpp大作业开发\opencvprogram\nkuexperimenter\x64\debug\moc\moc_nkuexperimenter.cpp
e:\nkucpp大作业开发\opencvprogram\nkuexperimenter\x64\debug\uic\ui_nkuexperimenter.h
e:\nkucpp大作业开发\opencvprogram\nkuexperimenter\x64\debug\rcc\qrc_nkuexperimenter.cpp
e:\nkucpp大作业开发\opencvprogram\nkuexperimenter\x64\debug\uic\ui_widget.h
e:\nkucpp大作业开发\opencvprogram\nkuexperimenter\x64\debug\uic\ui_welcome.h
e:\nkucpp大作业开发\opencvprogram\nkuexperimenter\x64\debug\moc\moc_welcome.cpp
e:\nkucpp大作业开发\opencvprogram\nkuexperimenter\x64\debug\uic\ui_help_doc.h
e:\nkucpp大作业开发\opencvprogram\nkuexperimenter\x64\debug\moc\moc_help_doc.cpp
e:\nkucpp大作业开发\opencvprogram\nkuexperimenter\x64\debug\uic\ui_helpdoc.h
e:\nkucpp大作业开发\opencvprogram\nkuexperimenter\x64\debug\moc\moc_helpdoc.cpp
e:\nkucpp大作业开发\opencvprogram\nkuexperimenter\x64\debug\welcome.obj.enc
e:\nkucpp大作业开发\opencvprogram\nkuexperimenter\x64\debug\nkuexperimenter.tlog\cl.command.1.tlog
e:\nkucpp大作业开发\opencvprogram\nkuexperimenter\x64\debug\nkuexperimenter.tlog\cl.items.tlog
e:\nkucpp大作业开发\opencvprogram\nkuexperimenter\x64\debug\nkuexperimenter.tlog\cl.read.1.tlog
e:\nkucpp大作业开发\opencvprogram\nkuexperimenter\x64\debug\nkuexperimenter.tlog\cl.write.1.tlog
e:\nkucpp大作业开发\opencvprogram\nkuexperimenter\x64\debug\nkuexperimenter.tlog\link.command.1.tlog
e:\nkucpp大作业开发\opencvprogram\nkuexperimenter\x64\debug\nkuexperimenter.tlog\link.read.1.tlog
e:\nkucpp大作业开发\opencvprogram\nkuexperimenter\x64\debug\nkuexperimenter.tlog\link.write.1.tlog
e:\nkucpp大作业开发\opencvprogram\nkuexperimenter\x64\debug\nkuexperimenter.tlog\moc.read.1u.tlog
e:\nkucpp大作业开发\opencvprogram\nkuexperimenter\x64\debug\nkuexperimenter.tlog\moc.write.1u.tlog
e:\nkucpp大作业开发\opencvprogram\nkuexperimenter\x64\debug\nkuexperimenter.tlog\nkuexperimenter.write.1u.tlog
e:\nkucpp大作业开发\opencvprogram\nkuexperimenter\x64\debug\nkuexperimenter.tlog\rcc.read.1u.tlog
e:\nkucpp大作业开发\opencvprogram\nkuexperimenter\x64\debug\nkuexperimenter.tlog\rcc.write.1u.tlog
e:\nkucpp大作业开发\opencvprogram\nkuexperimenter\x64\debug\nkuexperimenter.tlog\uic.read.1u.tlog
e:\nkucpp大作业开发\opencvprogram\nkuexperimenter\x64\debug\nkuexperimenter.tlog\uic.write.1u.tlog
