  NKUexperimenter.cpp
E:\NKUcpp大作业开发\opencvprogram\NKUexperimenter\NKUexperimenter.cpp(1,1): warning C4828: 文件包含在偏移 0xc9 处开始的字符，该字符在当前源字符集中无效(代码页 65001)。
E:\NKUcpp大作业开发\opencvprogram\NKUexperimenter\NKUexperimenter.cpp(1,1): warning C4828: 文件包含在偏移 0xd6 处开始的字符，该字符在当前源字符集中无效(代码页 65001)。
E:\NKUcpp大作业开发\opencvprogram\NKUexperimenter\NKUexperimenter.cpp(1,1): warning C4828: 文件包含在偏移 0xd7 处开始的字符，该字符在当前源字符集中无效(代码页 65001)。
E:\NKUcpp大作业开发\opencvprogram\NKUexperimenter\NKUexperimenter.cpp(1,1): warning C4828: 文件包含在偏移 0xd8 处开始的字符，该字符在当前源字符集中无效(代码页 65001)。
E:\NKUcpp大作业开发\opencvprogram\NKUexperimenter\NKUexperimenter.cpp(1,1): warning C4828: 文件包含在偏移 0xd9 处开始的字符，该字符在当前源字符集中无效(代码页 65001)。
E:\NKUcpp大作业开发\opencvprogram\NKUexperimenter\NKUexperimenter.cpp(1,1): warning C4828: 文件包含在偏移 0xdd 处开始的字符，该字符在当前源字符集中无效(代码页 65001)。
E:\NKUcpp大作业开发\opencvprogram\NKUexperimenter\NKUexperimenter.cpp(1,1): warning C4828: 文件包含在偏移 0xe0 处开始的字符，该字符在当前源字符集中无效(代码页 65001)。
E:\NKUcpp大作业开发\opencvprogram\NKUexperimenter\NKUexperimenter.cpp(1,1): warning C4828: 文件包含在偏移 0xe1 处开始的字符，该字符在当前源字符集中无效(代码页 65001)。
E:\NKUcpp大作业开发\opencvprogram\NKUexperimenter\NKUexperimenter.cpp(1,1): warning C4828: 文件包含在偏移 0xe3 处开始的字符，该字符在当前源字符集中无效(代码页 65001)。
E:\NKUcpp大作业开发\opencvprogram\NKUexperimenter\NKUexperimenter.cpp(1,1): warning C4828: 文件包含在偏移 0xe4 处开始的字符，该字符在当前源字符集中无效(代码页 65001)。
E:\NKUcpp大作业开发\opencvprogram\NKUexperimenter\NKUexperimenter.cpp(1,1): warning C4828: 文件包含在偏移 0x161 处开始的字符，该字符在当前源字符集中无效(代码页 65001)。
E:\NKUcpp大作业开发\opencvprogram\NKUexperimenter\NKUexperimenter.cpp(1,1): warning C4828: 文件包含在偏移 0x162 处开始的字符，该字符在当前源字符集中无效(代码页 65001)。
E:\NKUcpp大作业开发\opencvprogram\NKUexperimenter\NKUexperimenter.cpp(1,1): warning C4828: 文件包含在偏移 0x163 处开始的字符，该字符在当前源字符集中无效(代码页 65001)。
E:\NKUcpp大作业开发\opencvprogram\NKUexperimenter\NKUexperimenter.cpp(1,1): warning C4828: 文件包含在偏移 0x166 处开始的字符，该字符在当前源字符集中无效(代码页 65001)。
E:\NKUcpp大作业开发\opencvprogram\NKUexperimenter\NKUexperimenter.cpp(1,1): warning C4828: 文件包含在偏移 0x169 处开始的字符，该字符在当前源字符集中无效(代码页 65001)。
E:\NKUcpp大作业开发\opencvprogram\NKUexperimenter\NKUexperimenter.cpp(1,1): warning C4828: 文件包含在偏移 0x16a 处开始的字符，该字符在当前源字符集中无效(代码页 65001)。
E:\NKUcpp大作业开发\opencvprogram\NKUexperimenter\NKUexperimenter.cpp(1,1): warning C4828: 文件包含在偏移 0x174 处开始的字符，该字符在当前源字符集中无效(代码页 65001)。
E:\NKUcpp大作业开发\opencvprogram\NKUexperimenter\NKUexperimenter.cpp(1,1): warning C4828: 文件包含在偏移 0x176 处开始的字符，该字符在当前源字符集中无效(代码页 65001)。
E:\NKUcpp大作业开发\opencvprogram\NKUexperimenter\NKUexperimenter.cpp(1,1): warning C4828: 文件包含在偏移 0x179 处开始的字符，该字符在当前源字符集中无效(代码页 65001)。
E:\NKUcpp大作业开发\opencvprogram\NKUexperimenter\NKUexperimenter.cpp(1,1): warning C4828: 文件包含在偏移 0x17a 处开始的字符，该字符在当前源字符集中无效(代码页 65001)。
E:\NKUcpp大作业开发\opencvprogram\NKUexperimenter\NKUexperimenter.cpp(1,1): warning C4828: 文件包含在偏移 0x17d 处开始的字符，该字符在当前源字符集中无效(代码页 65001)。
E:\NKUcpp大作业开发\opencvprogram\NKUexperimenter\NKUexperimenter.cpp(1,1): warning C4828: 文件包含在偏移 0x17e 处开始的字符，该字符在当前源字符集中无效(代码页 65001)。
E:\NKUcpp大作业开发\opencvprogram\NKUexperimenter\NKUexperimenter.cpp(1,1): warning C4828: 文件包含在偏移 0x309 处开始的字符，该字符在当前源字符集中无效(代码页 65001)。
E:\NKUcpp大作业开发\opencvprogram\NKUexperimenter\NKUexperimenter.cpp(1,1): warning C4828: 文件包含在偏移 0x30a 处开始的字符，该字符在当前源字符集中无效(代码页 65001)。
E:\NKUcpp大作业开发\opencvprogram\NKUexperimenter\NKUexperimenter.cpp(1,1): warning C4828: 文件包含在偏移 0x30b 处开始的字符，该字符在当前源字符集中无效(代码页 65001)。
E:\NKUcpp大作业开发\opencvprogram\NKUexperimenter\NKUexperimenter.cpp(1,1): warning C4828: 文件包含在偏移 0x30e 处开始的字符，该字符在当前源字符集中无效(代码页 65001)。
E:\NKUcpp大作业开发\opencvprogram\NKUexperimenter\NKUexperimenter.cpp(1,1): warning C4828: 文件包含在偏移 0x311 处开始的字符，该字符在当前源字符集中无效(代码页 65001)。
E:\NKUcpp大作业开发\opencvprogram\NKUexperimenter\NKUexperimenter.cpp(1,1): warning C4828: 文件包含在偏移 0x312 处开始的字符，该字符在当前源字符集中无效(代码页 65001)。
E:\NKUcpp大作业开发\opencvprogram\NKUexperimenter\NKUexperimenter.cpp(1,1): warning C4828: 文件包含在偏移 0x31c 处开始的字符，该字符在当前源字符集中无效(代码页 65001)。
E:\NKUcpp大作业开发\opencvprogram\NKUexperimenter\NKUexperimenter.cpp(1,1): warning C4828: 文件包含在偏移 0x31e 处开始的字符，该字符在当前源字符集中无效(代码页 65001)。
E:\NKUcpp大作业开发\opencvprogram\NKUexperimenter\NKUexperimenter.cpp(1,1): warning C4828: 文件包含在偏移 0x321 处开始的字符，该字符在当前源字符集中无效(代码页 65001)。
E:\NKUcpp大作业开发\opencvprogram\NKUexperimenter\NKUexperimenter.cpp(1,1): warning C4828: 文件包含在偏移 0x322 处开始的字符，该字符在当前源字符集中无效(代码页 65001)。
E:\NKUcpp大作业开发\opencvprogram\NKUexperimenter\NKUexperimenter.cpp(1,1): warning C4828: 文件包含在偏移 0x325 处开始的字符，该字符在当前源字符集中无效(代码页 65001)。
E:\NKUcpp大作业开发\opencvprogram\NKUexperimenter\NKUexperimenter.cpp(1,1): warning C4828: 文件包含在偏移 0x326 处开始的字符，该字符在当前源字符集中无效(代码页 65001)。
E:\NKUcpp大作业开发\opencvprogram\NKUexperimenter\NKUexperimenter.cpp(1,1): warning C4828: 文件包含在偏移 0x40e 处开始的字符，该字符在当前源字符集中无效(代码页 65001)。
E:\NKUcpp大作业开发\opencvprogram\NKUexperimenter\NKUexperimenter.cpp(1,1): warning C4828: 文件包含在偏移 0x410 处开始的字符，该字符在当前源字符集中无效(代码页 65001)。
E:\NKUcpp大作业开发\opencvprogram\NKUexperimenter\NKUexperimenter.cpp(1,1): warning C4828: 文件包含在偏移 0x411 处开始的字符，该字符在当前源字符集中无效(代码页 65001)。
E:\NKUcpp大作业开发\opencvprogram\NKUexperimenter\NKUexperimenter.cpp(1,1): warning C4828: 文件包含在偏移 0x412 处开始的字符，该字符在当前源字符集中无效(代码页 65001)。
E:\NKUcpp大作业开发\opencvprogram\NKUexperimenter\NKUexperimenter.cpp(1,1): warning C4828: 文件包含在偏移 0x414 处开始的字符，该字符在当前源字符集中无效(代码页 65001)。
E:\NKUcpp大作业开发\opencvprogram\NKUexperimenter\NKUexperimenter.cpp(1,1): warning C4828: 文件包含在偏移 0x415 处开始的字符，该字符在当前源字符集中无效(代码页 65001)。
E:\NKUcpp大作业开发\opencvprogram\NKUexperimenter\NKUexperimenter.cpp(1,1): warning C4828: 文件包含在偏移 0x456 处开始的字符，该字符在当前源字符集中无效(代码页 65001)。
E:\NKUcpp大作业开发\opencvprogram\NKUexperimenter\NKUexperimenter.cpp(1,1): warning C4828: 文件包含在偏移 0x458 处开始的字符，该字符在当前源字符集中无效(代码页 65001)。
E:\NKUcpp大作业开发\opencvprogram\NKUexperimenter\NKUexperimenter.cpp(1,1): warning C4828: 文件包含在偏移 0x45a 处开始的字符，该字符在当前源字符集中无效(代码页 65001)。
E:\NKUcpp大作业开发\opencvprogram\NKUexperimenter\NKUexperimenter.cpp(1,1): warning C4828: 文件包含在偏移 0x45c 处开始的字符，该字符在当前源字符集中无效(代码页 65001)。
E:\NKUcpp大作业开发\opencvprogram\NKUexperimenter\NKUexperimenter.cpp(1,1): warning C4828: 文件包含在偏移 0x45d 处开始的字符，该字符在当前源字符集中无效(代码页 65001)。
E:\NKUcpp大作业开发\opencvprogram\NKUexperimenter\NKUexperimenter.cpp(1,1): warning C4828: 文件包含在偏移 0x460 处开始的字符，该字符在当前源字符集中无效(代码页 65001)。
E:\NKUcpp大作业开发\opencvprogram\NKUexperimenter\NKUexperimenter.cpp(1,1): warning C4828: 文件包含在偏移 0x464 处开始的字符，该字符在当前源字符集中无效(代码页 65001)。
E:\NKUcpp大作业开发\opencvprogram\NKUexperimenter\NKUexperimenter.cpp(1,1): warning C4828: 文件包含在偏移 0x46a 处开始的字符，该字符在当前源字符集中无效(代码页 65001)。
E:\NKUcpp大作业开发\opencvprogram\NKUexperimenter\NKUexperimenter.cpp(1,1): warning C4828: 文件包含在偏移 0x46c 处开始的字符，该字符在当前源字符集中无效(代码页 65001)。
E:\NKUcpp大作业开发\opencvprogram\NKUexperimenter\NKUexperimenter.cpp(1,1): warning C4828: 文件包含在偏移 0x46d 处开始的字符，该字符在当前源字符集中无效(代码页 65001)。
E:\NKUcpp大作业开发\opencvprogram\NKUexperimenter\NKUexperimenter.cpp(1,1): warning C4828: 文件包含在偏移 0x476 处开始的字符，该字符在当前源字符集中无效(代码页 65001)。
E:\NKUcpp大作业开发\opencvprogram\NKUexperimenter\NKUexperimenter.cpp(1,1): warning C4828: 文件包含在偏移 0x477 处开始的字符，该字符在当前源字符集中无效(代码页 65001)。
E:\NKUcpp大作业开发\opencvprogram\NKUexperimenter\NKUexperimenter.cpp(1,1): warning C4828: 文件包含在偏移 0x478 处开始的字符，该字符在当前源字符集中无效(代码页 65001)。
E:\NKUcpp大作业开发\opencvprogram\NKUexperimenter\NKUexperimenter.cpp(1,1): warning C4828: 文件包含在偏移 0x479 处开始的字符，该字符在当前源字符集中无效(代码页 65001)。
E:\NKUcpp大作业开发\opencvprogram\NKUexperimenter\NKUexperimenter.cpp(1,1): warning C4828: 文件包含在偏移 0x47f 处开始的字符，该字符在当前源字符集中无效(代码页 65001)。
E:\NKUcpp大作业开发\opencvprogram\NKUexperimenter\NKUexperimenter.cpp(1,1): warning C4828: 文件包含在偏移 0x480 处开始的字符，该字符在当前源字符集中无效(代码页 65001)。
E:\NKUcpp大作业开发\opencvprogram\NKUexperimenter\NKUexperimenter.cpp(1,1): warning C4828: 文件包含在偏移 0x482 处开始的字符，该字符在当前源字符集中无效(代码页 65001)。
E:\NKUcpp大作业开发\opencvprogram\NKUexperimenter\NKUexperimenter.cpp(1,1): warning C4828: 文件包含在偏移 0x5d8 处开始的字符，该字符在当前源字符集中无效(代码页 65001)。
E:\NKUcpp大作业开发\opencvprogram\NKUexperimenter\NKUexperimenter.cpp(1,1): warning C4828: 文件包含在偏移 0x5e3 处开始的字符，该字符在当前源字符集中无效(代码页 65001)。
E:\NKUcpp大作业开发\opencvprogram\NKUexperimenter\NKUexperimenter.cpp(1,1): warning C4828: 文件包含在偏移 0x5e4 处开始的字符，该字符在当前源字符集中无效(代码页 65001)。
E:\NKUcpp大作业开发\opencvprogram\NKUexperimenter\NKUexperimenter.cpp(1,1): warning C4828: 文件包含在偏移 0x5e6 处开始的字符，该字符在当前源字符集中无效(代码页 65001)。
E:\NKUcpp大作业开发\opencvprogram\NKUexperimenter\NKUexperimenter.cpp(1,1): warning C4828: 文件包含在偏移 0x5e8 处开始的字符，该字符在当前源字符集中无效(代码页 65001)。
E:\NKUcpp大作业开发\opencvprogram\NKUexperimenter\NKUexperimenter.cpp(1,1): warning C4828: 文件包含在偏移 0x641 处开始的字符，该字符在当前源字符集中无效(代码页 65001)。
E:\NKUcpp大作业开发\opencvprogram\NKUexperimenter\NKUexperimenter.cpp(1,1): warning C4828: 文件包含在偏移 0x643 处开始的字符，该字符在当前源字符集中无效(代码页 65001)。
E:\NKUcpp大作业开发\opencvprogram\NKUexperimenter\NKUexperimenter.cpp(1,1): warning C4828: 文件包含在偏移 0x644 处开始的字符，该字符在当前源字符集中无效(代码页 65001)。
E:\NKUcpp大作业开发\opencvprogram\NKUexperimenter\NKUexperimenter.cpp(1,1): warning C4828: 文件包含在偏移 0x645 处开始的字符，该字符在当前源字符集中无效(代码页 65001)。
E:\NKUcpp大作业开发\opencvprogram\NKUexperimenter\NKUexperimenter.cpp(1,1): warning C4828: 文件包含在偏移 0x656 处开始的字符，该字符在当前源字符集中无效(代码页 65001)。
E:\NKUcpp大作业开发\opencvprogram\NKUexperimenter\NKUexperimenter.cpp(1,1): warning C4828: 文件包含在偏移 0x657 处开始的字符，该字符在当前源字符集中无效(代码页 65001)。
E:\NKUcpp大作业开发\opencvprogram\NKUexperimenter\NKUexperimenter.cpp(1,1): warning C4828: 文件包含在偏移 0x660 处开始的字符，该字符在当前源字符集中无效(代码页 65001)。
E:\NKUcpp大作业开发\opencvprogram\NKUexperimenter\NKUexperimenter.cpp(1,1): warning C4828: 文件包含在偏移 0x663 处开始的字符，该字符在当前源字符集中无效(代码页 65001)。
E:\NKUcpp大作业开发\opencvprogram\NKUexperimenter\NKUexperimenter.cpp(1,1): warning C4828: 文件包含在偏移 0x72d 处开始的字符，该字符在当前源字符集中无效(代码页 65001)。
E:\NKUcpp大作业开发\opencvprogram\NKUexperimenter\NKUexperimenter.cpp(1,1): warning C4828: 文件包含在偏移 0x72e 处开始的字符，该字符在当前源字符集中无效(代码页 65001)。
E:\NKUcpp大作业开发\opencvprogram\NKUexperimenter\NKUexperimenter.cpp(1,1): warning C4828: 文件包含在偏移 0x739 处开始的字符，该字符在当前源字符集中无效(代码页 65001)。
E:\NKUcpp大作业开发\opencvprogram\NKUexperimenter\NKUexperimenter.cpp(1,1): warning C4828: 文件包含在偏移 0x73e 处开始的字符，该字符在当前源字符集中无效(代码页 65001)。
E:\NKUcpp大作业开发\opencvprogram\NKUexperimenter\NKUexperimenter.cpp(1,1): warning C4828: 文件包含在偏移 0x78e 处开始的字符，该字符在当前源字符集中无效(代码页 65001)。
E:\NKUcpp大作业开发\opencvprogram\NKUexperimenter\NKUexperimenter.cpp(1,1): warning C4828: 文件包含在偏移 0x78f 处开始的字符，该字符在当前源字符集中无效(代码页 65001)。
E:\NKUcpp大作业开发\opencvprogram\NKUexperimenter\NKUexperimenter.cpp(1,1): warning C4828: 文件包含在偏移 0x790 处开始的字符，该字符在当前源字符集中无效(代码页 65001)。
E:\NKUcpp大作业开发\opencvprogram\NKUexperimenter\NKUexperimenter.cpp(1,1): warning C4828: 文件包含在偏移 0x791 处开始的字符，该字符在当前源字符集中无效(代码页 65001)。
E:\NKUcpp大作业开发\opencvprogram\NKUexperimenter\NKUexperimenter.cpp(1,1): warning C4828: 文件包含在偏移 0x79a 处开始的字符，该字符在当前源字符集中无效(代码页 65001)。
E:\NKUcpp大作业开发\opencvprogram\NKUexperimenter\NKUexperimenter.cpp(1,1): warning C4828: 文件包含在偏移 0x79f 处开始的字符，该字符在当前源字符集中无效(代码页 65001)。
E:\NKUcpp大作业开发\opencvprogram\NKUexperimenter\NKUexperimenter.cpp(1,1): warning C4828: 文件包含在偏移 0x7a2 处开始的字符，该字符在当前源字符集中无效(代码页 65001)。
E:\NKUcpp大作业开发\opencvprogram\NKUexperimenter\NKUexperimenter.cpp(1,1): warning C4828: 文件包含在偏移 0x7a3 处开始的字符，该字符在当前源字符集中无效(代码页 65001)。
E:\NKUcpp大作业开发\opencvprogram\NKUexperimenter\NKUexperimenter.cpp(1,1): warning C4828: 文件包含在偏移 0x7a5 处开始的字符，该字符在当前源字符集中无效(代码页 65001)。
E:\NKUcpp大作业开发\opencvprogram\NKUexperimenter\NKUexperimenter.cpp(1,1): warning C4828: 文件包含在偏移 0x7a8 处开始的字符，该字符在当前源字符集中无效(代码页 65001)。
E:\NKUcpp大作业开发\opencvprogram\NKUexperimenter\NKUexperimenter.cpp(1,1): warning C4828: 文件包含在偏移 0x7a9 处开始的字符，该字符在当前源字符集中无效(代码页 65001)。
E:\NKUcpp大作业开发\opencvprogram\NKUexperimenter\NKUexperimenter.cpp(1,1): warning C4828: 文件包含在偏移 0x7aa 处开始的字符，该字符在当前源字符集中无效(代码页 65001)。
E:\NKUcpp大作业开发\opencvprogram\NKUexperimenter\NKUexperimenter.cpp(1,1): warning C4828: 文件包含在偏移 0x7ab 处开始的字符，该字符在当前源字符集中无效(代码页 65001)。
E:\NKUcpp大作业开发\opencvprogram\NKUexperimenter\NKUexperimenter.cpp(1,1): warning C4828: 文件包含在偏移 0x7ac 处开始的字符，该字符在当前源字符集中无效(代码页 65001)。
E:\NKUcpp大作业开发\opencvprogram\NKUexperimenter\NKUexperimenter.cpp(1,1): warning C4828: 文件包含在偏移 0x7af 处开始的字符，该字符在当前源字符集中无效(代码页 65001)。
E:\NKUcpp大作业开发\opencvprogram\NKUexperimenter\NKUexperimenter.cpp(1,1): warning C4828: 文件包含在偏移 0x7b2 处开始的字符，该字符在当前源字符集中无效(代码页 65001)。
E:\NKUcpp大作业开发\opencvprogram\NKUexperimenter\NKUexperimenter.cpp(1,1): warning C4828: 文件包含在偏移 0x7b3 处开始的字符，该字符在当前源字符集中无效(代码页 65001)。
E:\NKUcpp大作业开发\opencvprogram\NKUexperimenter\NKUexperimenter.cpp(1,1): warning C4828: 文件包含在偏移 0x83c 处开始的字符，该字符在当前源字符集中无效(代码页 65001)。
E:\NKUcpp大作业开发\opencvprogram\NKUexperimenter\NKUexperimenter.cpp(1,1): warning C4828: 文件包含在偏移 0x83e 处开始的字符，该字符在当前源字符集中无效(代码页 65001)。
E:\NKUcpp大作业开发\opencvprogram\NKUexperimenter\NKUexperimenter.cpp(1,1): warning C4828: 文件包含在偏移 0x848 处开始的字符，该字符在当前源字符集中无效(代码页 65001)。
E:\NKUcpp大作业开发\opencvprogram\NKUexperimenter\NKUexperimenter.cpp(1,1): warning C4828: 文件包含在偏移 0x84c 处开始的字符，该字符在当前源字符集中无效(代码页 65001)。
E:\NKUcpp大作业开发\opencvprogram\NKUexperimenter\NKUexperimenter.cpp(1,1): warning C4828: 文件包含在偏移 0x84e 处开始的字符，该字符在当前源字符集中无效(代码页 65001)。
E:\NKUcpp大作业开发\opencvprogram\NKUexperimenter\NKUexperimenter.cpp(1,1): warning C4828: 文件包含在偏移 0x851 处开始的字符，该字符在当前源字符集中无效(代码页 65001)。
E:\NKUcpp大作业开发\opencvprogram\NKUexperimenter\NKUexperimenter.cpp(1,1): warning C4828: 文件包含在偏移 0x855 处开始的字符，该字符在当前源字符集中无效(代码页 65001)。
E:\NKUcpp大作业开发\opencvprogram\NKUexperimenter\NKUexperimenter.cpp(1,1): warning C4828: 文件包含在偏移 0xbbf 处开始的字符，该字符在当前源字符集中无效(代码页 65001)。
E:\NKUcpp大作业开发\opencvprogram\NKUexperimenter\NKUexperimenter.cpp(1,1): warning C4828: 文件包含在偏移 0xbc1 处开始的字符，该字符在当前源字符集中无效(代码页 65001)。
E:\NKUcpp大作业开发\opencvprogram\NKUexperimenter\NKUexperimenter.cpp(1,1): warning C4828: 文件包含在偏移 0xbc2 处开始的字符，该字符在当前源字符集中无效(代码页 65001)。
E:\NKUcpp大作业开发\opencvprogram\NKUexperimenter\NKUexperimenter.cpp(1,1): warning C4828: 文件包含在偏移 0xbc3 处开始的字符，该字符在当前源字符集中无效(代码页 65001)。
E:\NKUcpp大作业开发\opencvprogram\NKUexperimenter\NKUexperimenter.cpp(1,1): warning C4828: 文件包含在偏移 0xbd0 处开始的字符，该字符在当前源字符集中无效(代码页 65001)。
E:\NKUcpp大作业开发\opencvprogram\NKUexperimenter\NKUexperimenter.cpp(1,1): warning C4828: 文件包含在偏移 0xbd1 处开始的字符，该字符在当前源字符集中无效(代码页 65001)。
E:\NKUcpp大作业开发\opencvprogram\NKUexperimenter\NKUexperimenter.cpp(1,1): warning C4828: 文件包含在偏移 0xbda 处开始的字符，该字符在当前源字符集中无效(代码页 65001)。
E:\NKUcpp大作业开发\opencvprogram\NKUexperimenter\NKUexperimenter.cpp(1,1): warning C4828: 文件包含在偏移 0xbdd 处开始的字符，该字符在当前源字符集中无效(代码页 65001)。
E:\NKUcpp大作业开发\opencvprogram\NKUexperimenter\NKUexperimenter.cpp(1,1): warning C4828: 文件包含在偏移 0xca8 处开始的字符，该字符在当前源字符集中无效(代码页 65001)。
E:\NKUcpp大作业开发\opencvprogram\NKUexperimenter\NKUexperimenter.cpp(1,1): warning C4828: 文件包含在偏移 0xca9 处开始的字符，该字符在当前源字符集中无效(代码页 65001)。
E:\NKUcpp大作业开发\opencvprogram\NKUexperimenter\NKUexperimenter.cpp(1,1): warning C4828: 文件包含在偏移 0xcb4 处开始的字符，该字符在当前源字符集中无效(代码页 65001)。
E:\NKUcpp大作业开发\opencvprogram\NKUexperimenter\NKUexperimenter.cpp(1,1): warning C4828: 文件包含在偏移 0xcb9 处开始的字符，该字符在当前源字符集中无效(代码页 65001)。
E:\NKUcpp大作业开发\opencvprogram\NKUexperimenter\NKUexperimenter.cpp(1,1): warning C4828: 文件包含在偏移 0xd05 处开始的字符，该字符在当前源字符集中无效(代码页 65001)。
E:\NKUcpp大作业开发\opencvprogram\NKUexperimenter\NKUexperimenter.cpp(1,1): warning C4828: 文件包含在偏移 0xd06 处开始的字符，该字符在当前源字符集中无效(代码页 65001)。
E:\NKUcpp大作业开发\opencvprogram\NKUexperimenter\NKUexperimenter.cpp(1,1): warning C4828: 文件包含在偏移 0xd07 处开始的字符，该字符在当前源字符集中无效(代码页 65001)。
E:\NKUcpp大作业开发\opencvprogram\NKUexperimenter\NKUexperimenter.cpp(1,1): warning C4828: 文件包含在偏移 0xd08 处开始的字符，该字符在当前源字符集中无效(代码页 65001)。
E:\NKUcpp大作业开发\opencvprogram\NKUexperimenter\NKUexperimenter.cpp(1,1): warning C4828: 文件包含在偏移 0xd11 处开始的字符，该字符在当前源字符集中无效(代码页 65001)。
E:\NKUcpp大作业开发\opencvprogram\NKUexperimenter\NKUexperimenter.cpp(1,1): warning C4828: 文件包含在偏移 0xd16 处开始的字符，该字符在当前源字符集中无效(代码页 65001)。
E:\NKUcpp大作业开发\opencvprogram\NKUexperimenter\NKUexperimenter.cpp(1,1): warning C4828: 文件包含在偏移 0xd19 处开始的字符，该字符在当前源字符集中无效(代码页 65001)。
E:\NKUcpp大作业开发\opencvprogram\NKUexperimenter\NKUexperimenter.cpp(1,1): warning C4828: 文件包含在偏移 0xd1a 处开始的字符，该字符在当前源字符集中无效(代码页 65001)。
E:\NKUcpp大作业开发\opencvprogram\NKUexperimenter\NKUexperimenter.cpp(1,1): warning C4828: 文件包含在偏移 0xd1c 处开始的字符，该字符在当前源字符集中无效(代码页 65001)。
E:\NKUcpp大作业开发\opencvprogram\NKUexperimenter\NKUexperimenter.cpp(1,1): warning C4828: 文件包含在偏移 0xd1f 处开始的字符，该字符在当前源字符集中无效(代码页 65001)。
E:\NKUcpp大作业开发\opencvprogram\NKUexperimenter\NKUexperimenter.cpp(1,1): warning C4828: 文件包含在偏移 0xd20 处开始的字符，该字符在当前源字符集中无效(代码页 65001)。
E:\NKUcpp大作业开发\opencvprogram\NKUexperimenter\NKUexperimenter.cpp(1,1): warning C4828: 文件包含在偏移 0xd21 处开始的字符，该字符在当前源字符集中无效(代码页 65001)。
E:\NKUcpp大作业开发\opencvprogram\NKUexperimenter\NKUexperimenter.cpp(1,1): warning C4828: 文件包含在偏移 0xd22 处开始的字符，该字符在当前源字符集中无效(代码页 65001)。
E:\NKUcpp大作业开发\opencvprogram\NKUexperimenter\NKUexperimenter.cpp(1,1): warning C4828: 文件包含在偏移 0xd23 处开始的字符，该字符在当前源字符集中无效(代码页 65001)。
E:\NKUcpp大作业开发\opencvprogram\NKUexperimenter\NKUexperimenter.cpp(1,1): warning C4828: 文件包含在偏移 0xd26 处开始的字符，该字符在当前源字符集中无效(代码页 65001)。
E:\NKUcpp大作业开发\opencvprogram\NKUexperimenter\NKUexperimenter.cpp(1,1): warning C4828: 文件包含在偏移 0xd29 处开始的字符，该字符在当前源字符集中无效(代码页 65001)。
E:\NKUcpp大作业开发\opencvprogram\NKUexperimenter\NKUexperimenter.cpp(1,1): warning C4828: 文件包含在偏移 0xd2a 处开始的字符，该字符在当前源字符集中无效(代码页 65001)。
E:\NKUcpp大作业开发\opencvprogram\NKUexperimenter\NKUexperimenter.cpp(1,1): warning C4828: 文件包含在偏移 0xdb6 处开始的字符，该字符在当前源字符集中无效(代码页 65001)。
E:\NKUcpp大作业开发\opencvprogram\NKUexperimenter\NKUexperimenter.cpp(1,1): warning C4828: 文件包含在偏移 0xdb8 处开始的字符，该字符在当前源字符集中无效(代码页 65001)。
E:\NKUcpp大作业开发\opencvprogram\NKUexperimenter\NKUexperimenter.cpp(1,1): warning C4828: 文件包含在偏移 0xdc2 处开始的字符，该字符在当前源字符集中无效(代码页 65001)。
E:\NKUcpp大作业开发\opencvprogram\NKUexperimenter\NKUexperimenter.cpp(1,1): warning C4828: 文件包含在偏移 0xdc6 处开始的字符，该字符在当前源字符集中无效(代码页 65001)。
E:\NKUcpp大作业开发\opencvprogram\NKUexperimenter\NKUexperimenter.cpp(1,1): warning C4828: 文件包含在偏移 0xdc8 处开始的字符，该字符在当前源字符集中无效(代码页 65001)。
E:\NKUcpp大作业开发\opencvprogram\NKUexperimenter\NKUexperimenter.cpp(1,1): warning C4828: 文件包含在偏移 0xdcb 处开始的字符，该字符在当前源字符集中无效(代码页 65001)。
E:\NKUcpp大作业开发\opencvprogram\NKUexperimenter\NKUexperimenter.cpp(1,1): warning C4828: 文件包含在偏移 0xdcf 处开始的字符，该字符在当前源字符集中无效(代码页 65001)。
E:\NKUcpp大作业开发\opencvprogram\NKUexperimenter\NKUexperimenter.cpp(1,1): warning C4828: 文件包含在偏移 0xf61 处开始的字符，该字符在当前源字符集中无效(代码页 65001)。
E:\NKUcpp大作业开发\opencvprogram\NKUexperimenter\NKUexperimenter.cpp(1,1): warning C4828: 文件包含在偏移 0xf63 处开始的字符，该字符在当前源字符集中无效(代码页 65001)。
E:\NKUcpp大作业开发\opencvprogram\NKUexperimenter\NKUexperimenter.cpp(1,1): warning C4828: 文件包含在偏移 0xf64 处开始的字符，该字符在当前源字符集中无效(代码页 65001)。
E:\NKUcpp大作业开发\opencvprogram\NKUexperimenter\NKUexperimenter.cpp(1,1): warning C4828: 文件包含在偏移 0xf65 处开始的字符，该字符在当前源字符集中无效(代码页 65001)。
E:\NKUcpp大作业开发\opencvprogram\NKUexperimenter\NKUexperimenter.cpp(1,1): warning C4828: 文件包含在偏移 0xf72 处开始的字符，该字符在当前源字符集中无效(代码页 65001)。
E:\NKUcpp大作业开发\opencvprogram\NKUexperimenter\NKUexperimenter.cpp(1,1): warning C4828: 文件包含在偏移 0xf73 处开始的字符，该字符在当前源字符集中无效(代码页 65001)。
E:\NKUcpp大作业开发\opencvprogram\NKUexperimenter\NKUexperimenter.cpp(1,1): warning C4828: 文件包含在偏移 0xf7c 处开始的字符，该字符在当前源字符集中无效(代码页 65001)。
E:\NKUcpp大作业开发\opencvprogram\NKUexperimenter\NKUexperimenter.cpp(1,1): warning C4828: 文件包含在偏移 0xf7f 处开始的字符，该字符在当前源字符集中无效(代码页 65001)。
E:\NKUcpp大作业开发\opencvprogram\NKUexperimenter\NKUexperimenter.cpp(1,1): warning C4828: 文件包含在偏移 0x1050 处开始的字符，该字符在当前源字符集中无效(代码页 65001)。
E:\NKUcpp大作业开发\opencvprogram\NKUexperimenter\NKUexperimenter.cpp(1,1): warning C4828: 文件包含在偏移 0x1051 处开始的字符，该字符在当前源字符集中无效(代码页 65001)。
E:\NKUcpp大作业开发\opencvprogram\NKUexperimenter\NKUexperimenter.cpp(1,1): warning C4828: 文件包含在偏移 0x105c 处开始的字符，该字符在当前源字符集中无效(代码页 65001)。
E:\NKUcpp大作业开发\opencvprogram\NKUexperimenter\NKUexperimenter.cpp(1,1): warning C4828: 文件包含在偏移 0x1061 处开始的字符，该字符在当前源字符集中无效(代码页 65001)。
E:\NKUcpp大作业开发\opencvprogram\NKUexperimenter\NKUexperimenter.cpp(1,1): warning C4828: 文件包含在偏移 0x10af 处开始的字符，该字符在当前源字符集中无效(代码页 65001)。
E:\NKUcpp大作业开发\opencvprogram\NKUexperimenter\NKUexperimenter.cpp(1,1): warning C4828: 文件包含在偏移 0x10b0 处开始的字符，该字符在当前源字符集中无效(代码页 65001)。
E:\NKUcpp大作业开发\opencvprogram\NKUexperimenter\NKUexperimenter.cpp(1,1): warning C4828: 文件包含在偏移 0x10b1 处开始的字符，该字符在当前源字符集中无效(代码页 65001)。
E:\NKUcpp大作业开发\opencvprogram\NKUexperimenter\NKUexperimenter.cpp(1,1): warning C4828: 文件包含在偏移 0x10b2 处开始的字符，该字符在当前源字符集中无效(代码页 65001)。
E:\NKUcpp大作业开发\opencvprogram\NKUexperimenter\NKUexperimenter.cpp(1,1): warning C4828: 文件包含在偏移 0x10bb 处开始的字符，该字符在当前源字符集中无效(代码页 65001)。
E:\NKUcpp大作业开发\opencvprogram\NKUexperimenter\NKUexperimenter.cpp(1,1): warning C4828: 文件包含在偏移 0x10c0 处开始的字符，该字符在当前源字符集中无效(代码页 65001)。
E:\NKUcpp大作业开发\opencvprogram\NKUexperimenter\NKUexperimenter.cpp(1,1): warning C4828: 文件包含在偏移 0x10c3 处开始的字符，该字符在当前源字符集中无效(代码页 65001)。
E:\NKUcpp大作业开发\opencvprogram\NKUexperimenter\NKUexperimenter.cpp(1,1): warning C4828: 文件包含在偏移 0x10c4 处开始的字符，该字符在当前源字符集中无效(代码页 65001)。
E:\NKUcpp大作业开发\opencvprogram\NKUexperimenter\NKUexperimenter.cpp(1,1): warning C4828: 文件包含在偏移 0x10c6 处开始的字符，该字符在当前源字符集中无效(代码页 65001)。
E:\NKUcpp大作业开发\opencvprogram\NKUexperimenter\NKUexperimenter.cpp(1,1): warning C4828: 文件包含在偏移 0x10c9 处开始的字符，该字符在当前源字符集中无效(代码页 65001)。
E:\NKUcpp大作业开发\opencvprogram\NKUexperimenter\NKUexperimenter.cpp(1,1): warning C4828: 文件包含在偏移 0x10ca 处开始的字符，该字符在当前源字符集中无效(代码页 65001)。
E:\NKUcpp大作业开发\opencvprogram\NKUexperimenter\NKUexperimenter.cpp(1,1): warning C4828: 文件包含在偏移 0x10cb 处开始的字符，该字符在当前源字符集中无效(代码页 65001)。
E:\NKUcpp大作业开发\opencvprogram\NKUexperimenter\NKUexperimenter.cpp(1,1): warning C4828: 文件包含在偏移 0x10cc 处开始的字符，该字符在当前源字符集中无效(代码页 65001)。
E:\NKUcpp大作业开发\opencvprogram\NKUexperimenter\NKUexperimenter.cpp(1,1): warning C4828: 文件包含在偏移 0x10cd 处开始的字符，该字符在当前源字符集中无效(代码页 65001)。
E:\NKUcpp大作业开发\opencvprogram\NKUexperimenter\NKUexperimenter.cpp(1,1): warning C4828: 文件包含在偏移 0x10d0 处开始的字符，该字符在当前源字符集中无效(代码页 65001)。
E:\NKUcpp大作业开发\opencvprogram\NKUexperimenter\NKUexperimenter.cpp(1,1): warning C4828: 文件包含在偏移 0x10d3 处开始的字符，该字符在当前源字符集中无效(代码页 65001)。
E:\NKUcpp大作业开发\opencvprogram\NKUexperimenter\NKUexperimenter.cpp(1,1): warning C4828: 文件包含在偏移 0x10d4 处开始的字符，该字符在当前源字符集中无效(代码页 65001)。
E:\NKUcpp大作业开发\opencvprogram\NKUexperimenter\NKUexperimenter.cpp(1,1): warning C4828: 文件包含在偏移 0x1162 处开始的字符，该字符在当前源字符集中无效(代码页 65001)。
E:\NKUcpp大作业开发\opencvprogram\NKUexperimenter\NKUexperimenter.cpp(1,1): warning C4828: 文件包含在偏移 0x1164 处开始的字符，该字符在当前源字符集中无效(代码页 65001)。
E:\NKUcpp大作业开发\opencvprogram\NKUexperimenter\NKUexperimenter.cpp(1,1): warning C4828: 文件包含在偏移 0x116e 处开始的字符，该字符在当前源字符集中无效(代码页 65001)。
E:\NKUcpp大作业开发\opencvprogram\NKUexperimenter\NKUexperimenter.cpp(1,1): warning C4828: 文件包含在偏移 0x1172 处开始的字符，该字符在当前源字符集中无效(代码页 65001)。
E:\NKUcpp大作业开发\opencvprogram\NKUexperimenter\NKUexperimenter.cpp(1,1): warning C4828: 文件包含在偏移 0x1174 处开始的字符，该字符在当前源字符集中无效(代码页 65001)。
E:\NKUcpp大作业开发\opencvprogram\NKUexperimenter\NKUexperimenter.cpp(1,1): warning C4828: 文件包含在偏移 0x1177 处开始的字符，该字符在当前源字符集中无效(代码页 65001)。
E:\NKUcpp大作业开发\opencvprogram\NKUexperimenter\NKUexperimenter.cpp(1,1): warning C4828: 文件包含在偏移 0x117b 处开始的字符，该字符在当前源字符集中无效(代码页 65001)。
E:\NKUcpp大作业开发\opencvprogram\NKUexperimenter\NKUexperimenter.cpp(1,1): warning C4828: 文件包含在偏移 0x1348 处开始的字符，该字符在当前源字符集中无效(代码页 65001)。
E:\NKUcpp大作业开发\opencvprogram\NKUexperimenter\NKUexperimenter.cpp(1,1): warning C4828: 文件包含在偏移 0x134a 处开始的字符，该字符在当前源字符集中无效(代码页 65001)。
E:\NKUcpp大作业开发\opencvprogram\NKUexperimenter\NKUexperimenter.cpp(1,1): warning C4828: 文件包含在偏移 0x134b 处开始的字符，该字符在当前源字符集中无效(代码页 65001)。
E:\NKUcpp大作业开发\opencvprogram\NKUexperimenter\NKUexperimenter.cpp(1,1): warning C4828: 文件包含在偏移 0x134d 处开始的字符，该字符在当前源字符集中无效(代码页 65001)。
E:\NKUcpp大作业开发\opencvprogram\NKUexperimenter\NKUexperimenter.cpp(1,1): warning C4828: 文件包含在偏移 0x134e 处开始的字符，该字符在当前源字符集中无效(代码页 65001)。
E:\NKUcpp大作业开发\opencvprogram\NKUexperimenter\NKUexperimenter.cpp(1,1): warning C4828: 文件包含在偏移 0x134f 处开始的字符，该字符在当前源字符集中无效(代码页 65001)。
E:\NKUcpp大作业开发\opencvprogram\NKUexperimenter\NKUexperimenter.cpp(1,1): warning C4828: 文件包含在偏移 0x1350 处开始的字符，该字符在当前源字符集中无效(代码页 65001)。
E:\NKUcpp大作业开发\opencvprogram\NKUexperimenter\NKUexperimenter.cpp(1,1): warning C4828: 文件包含在偏移 0x1352 处开始的字符，该字符在当前源字符集中无效(代码页 65001)。
E:\NKUcpp大作业开发\opencvprogram\NKUexperimenter\NKUexperimenter.cpp(1,1): warning C4828: 文件包含在偏移 0x1353 处开始的字符，该字符在当前源字符集中无效(代码页 65001)。
E:\NKUcpp大作业开发\opencvprogram\NKUexperimenter\NKUexperimenter.cpp(1,1): warning C4828: 文件包含在偏移 0x1356 处开始的字符，该字符在当前源字符集中无效(代码页 65001)。
E:\NKUcpp大作业开发\opencvprogram\NKUexperimenter\NKUexperimenter.cpp(1,1): warning C4828: 文件包含在偏移 0x1357 处开始的字符，该字符在当前源字符集中无效(代码页 65001)。
E:\NKUcpp大作业开发\opencvprogram\NKUexperimenter\NKUexperimenter.cpp(1,1): warning C4828: 文件包含在偏移 0x1358 处开始的字符，该字符在当前源字符集中无效(代码页 65001)。
E:\NKUcpp大作业开发\opencvprogram\NKUexperimenter\NKUexperimenter.cpp(1,1): warning C4828: 文件包含在偏移 0x1360 处开始的字符，该字符在当前源字符集中无效(代码页 65001)。
E:\NKUcpp大作业开发\opencvprogram\NKUexperimenter\NKUexperimenter.cpp(1,1): warning C4828: 文件包含在偏移 0x1361 处开始的字符，该字符在当前源字符集中无效(代码页 65001)。
E:\NKUcpp大作业开发\opencvprogram\NKUexperimenter\NKUexperimenter.cpp(1,1): warning C4828: 文件包含在偏移 0x1363 处开始的字符，该字符在当前源字符集中无效(代码页 65001)。
E:\NKUcpp大作业开发\opencvprogram\NKUexperimenter\NKUexperimenter.cpp(1,1): warning C4828: 文件包含在偏移 0x1364 处开始的字符，该字符在当前源字符集中无效(代码页 65001)。
E:\NKUcpp大作业开发\opencvprogram\NKUexperimenter\NKUexperimenter.cpp(1,1): warning C4828: 文件包含在偏移 0x1365 处开始的字符，该字符在当前源字符集中无效(代码页 65001)。
E:\NKUcpp大作业开发\opencvprogram\NKUexperimenter\NKUexperimenter.cpp(1,1): warning C4828: 文件包含在偏移 0x1366 处开始的字符，该字符在当前源字符集中无效(代码页 65001)。
E:\NKUcpp大作业开发\opencvprogram\NKUexperimenter\NKUexperimenter.cpp(1,1): warning C4828: 文件包含在偏移 0x1367 处开始的字符，该字符在当前源字符集中无效(代码页 65001)。
E:\NKUcpp大作业开发\opencvprogram\NKUexperimenter\NKUexperimenter.cpp(1,1): warning C4828: 文件包含在偏移 0x16a9 处开始的字符，该字符在当前源字符集中无效(代码页 65001)。
E:\NKUcpp大作业开发\opencvprogram\NKUexperimenter\NKUexperimenter.cpp(1,1): warning C4828: 文件包含在偏移 0x16aa 处开始的字符，该字符在当前源字符集中无效(代码页 65001)。
E:\NKUcpp大作业开发\opencvprogram\NKUexperimenter\NKUexperimenter.cpp(1,1): warning C4828: 文件包含在偏移 0x16ad 处开始的字符，该字符在当前源字符集中无效(代码页 65001)。
E:\NKUcpp大作业开发\opencvprogram\NKUexperimenter\NKUexperimenter.cpp(1,1): warning C4828: 文件包含在偏移 0x16ae 处开始的字符，该字符在当前源字符集中无效(代码页 65001)。
E:\NKUcpp大作业开发\opencvprogram\NKUexperimenter\NKUexperimenter.cpp(1,1): warning C4828: 文件包含在偏移 0x16af 处开始的字符，该字符在当前源字符集中无效(代码页 65001)。
E:\NKUcpp大作业开发\opencvprogram\NKUexperimenter\NKUexperimenter.cpp(1,1): warning C4828: 文件包含在偏移 0x16b0 处开始的字符，该字符在当前源字符集中无效(代码页 65001)。
E:\NKUcpp大作业开发\opencvprogram\NKUexperimenter\NKUexperimenter.cpp(1,1): warning C4828: 文件包含在偏移 0x16b1 处开始的字符，该字符在当前源字符集中无效(代码页 65001)。
E:\NKUcpp大作业开发\opencvprogram\NKUexperimenter\NKUexperimenter.cpp(1,1): warning C4828: 文件包含在偏移 0x16b4 处开始的字符，该字符在当前源字符集中无效(代码页 65001)。
E:\NKUcpp大作业开发\opencvprogram\NKUexperimenter\NKUexperimenter.cpp(1,1): warning C4828: 文件包含在偏移 0x16b6 处开始的字符，该字符在当前源字符集中无效(代码页 65001)。
E:\NKUcpp大作业开发\opencvprogram\NKUexperimenter\NKUexperimenter.cpp(1,1): warning C4828: 文件包含在偏移 0x193c 处开始的字符，该字符在当前源字符集中无效(代码页 65001)。
E:\NKUcpp大作业开发\opencvprogram\NKUexperimenter\NKUexperimenter.cpp(1,1): warning C4828: 文件包含在偏移 0x193e 处开始的字符，该字符在当前源字符集中无效(代码页 65001)。
E:\NKUcpp大作业开发\opencvprogram\NKUexperimenter\NKUexperimenter.cpp(1,1): warning C4828: 文件包含在偏移 0x1940 处开始的字符，该字符在当前源字符集中无效(代码页 65001)。
E:\NKUcpp大作业开发\opencvprogram\NKUexperimenter\NKUexperimenter.cpp(1,1): warning C4828: 文件包含在偏移 0x1942 处开始的字符，该字符在当前源字符集中无效(代码页 65001)。
E:\NKUcpp大作业开发\opencvprogram\NKUexperimenter\NKUexperimenter.cpp(1,1): warning C4828: 文件包含在偏移 0x1943 处开始的字符，该字符在当前源字符集中无效(代码页 65001)。
E:\NKUcpp大作业开发\opencvprogram\NKUexperimenter\NKUexperimenter.cpp(1,1): warning C4828: 文件包含在偏移 0x1947 处开始的字符，该字符在当前源字符集中无效(代码页 65001)。
E:\NKUcpp大作业开发\opencvprogram\NKUexperimenter\NKUexperimenter.cpp(1,1): warning C4828: 文件包含在偏移 0x1948 处开始的字符，该字符在当前源字符集中无效(代码页 65001)。
E:\NKUcpp大作业开发\opencvprogram\NKUexperimenter\NKUexperimenter.cpp(1,1): warning C4828: 文件包含在偏移 0x1949 处开始的字符，该字符在当前源字符集中无效(代码页 65001)。
E:\NKUcpp大作业开发\opencvprogram\NKUexperimenter\NKUexperimenter.cpp(1,1): warning C4828: 文件包含在偏移 0x194c 处开始的字符，该字符在当前源字符集中无效(代码页 65001)。
E:\NKUcpp大作业开发\opencvprogram\NKUexperimenter\NKUexperimenter.cpp(1,1): warning C4828: 文件包含在偏移 0x194e 处开始的字符，该字符在当前源字符集中无效(代码页 65001)。
E:\NKUcpp大作业开发\opencvprogram\NKUexperimenter\NKUexperimenter.cpp(1,1): warning C4828: 文件包含在偏移 0x194f 处开始的字符，该字符在当前源字符集中无效(代码页 65001)。
E:\NKUcpp大作业开发\opencvprogram\NKUexperimenter\NKUexperimenter.cpp(1,1): warning C4828: 文件包含在偏移 0x1950 处开始的字符，该字符在当前源字符集中无效(代码页 65001)。
E:\NKUcpp大作业开发\opencvprogram\NKUexperimenter\NKUexperimenter.cpp(1,1): warning C4828: 文件包含在偏移 0x1951 处开始的字符，该字符在当前源字符集中无效(代码页 65001)。
E:\NKUcpp大作业开发\opencvprogram\NKUexperimenter\NKUexperimenter.cpp(1,1): warning C4828: 文件包含在偏移 0x1952 处开始的字符，该字符在当前源字符集中无效(代码页 65001)。
E:\NKUcpp大作业开发\opencvprogram\NKUexperimenter\NKUexperimenter.cpp(1,1): warning C4828: 文件包含在偏移 0x1956 处开始的字符，该字符在当前源字符集中无效(代码页 65001)。
E:\NKUcpp大作业开发\opencvprogram\NKUexperimenter\NKUexperimenter.cpp(1,1): warning C4828: 文件包含在偏移 0x19fa 处开始的字符，该字符在当前源字符集中无效(代码页 65001)。
E:\NKUcpp大作业开发\opencvprogram\NKUexperimenter\NKUexperimenter.cpp(1,1): warning C4828: 文件包含在偏移 0x1a05 处开始的字符，该字符在当前源字符集中无效(代码页 65001)。
E:\NKUcpp大作业开发\opencvprogram\NKUexperimenter\NKUexperimenter.cpp(1,1): warning C4828: 文件包含在偏移 0x1a06 处开始的字符，该字符在当前源字符集中无效(代码页 65001)。
E:\NKUcpp大作业开发\opencvprogram\NKUexperimenter\NKUexperimenter.cpp(1,1): warning C4828: 文件包含在偏移 0x1a08 处开始的字符，该字符在当前源字符集中无效(代码页 65001)。
E:\NKUcpp大作业开发\opencvprogram\NKUexperimenter\NKUexperimenter.cpp(1,1): warning C4828: 文件包含在偏移 0x1a0a 处开始的字符，该字符在当前源字符集中无效(代码页 65001)。
E:\NKUcpp大作业开发\opencvprogram\NKUexperimenter\NKUexperimenter.cpp(1,1): warning C4828: 文件包含在偏移 0x1aae 处开始的字符，该字符在当前源字符集中无效(代码页 65001)。
E:\NKUcpp大作业开发\opencvprogram\NKUexperimenter\NKUexperimenter.cpp(1,1): warning C4828: 文件包含在偏移 0x1ab0 处开始的字符，该字符在当前源字符集中无效(代码页 65001)。
E:\NKUcpp大作业开发\opencvprogram\NKUexperimenter\NKUexperimenter.cpp(1,1): warning C4828: 文件包含在偏移 0x1ab1 处开始的字符，该字符在当前源字符集中无效(代码页 65001)。
E:\NKUcpp大作业开发\opencvprogram\NKUexperimenter\NKUexperimenter.cpp(1,1): warning C4828: 文件包含在偏移 0x1ab2 处开始的字符，该字符在当前源字符集中无效(代码页 65001)。
E:\NKUcpp大作业开发\opencvprogram\NKUexperimenter\NKUexperimenter.cpp(1,1): warning C4828: 文件包含在偏移 0x1ac3 处开始的字符，该字符在当前源字符集中无效(代码页 65001)。
E:\NKUcpp大作业开发\opencvprogram\NKUexperimenter\NKUexperimenter.cpp(1,1): warning C4828: 文件包含在偏移 0x1ac4 处开始的字符，该字符在当前源字符集中无效(代码页 65001)。
E:\NKUcpp大作业开发\opencvprogram\NKUexperimenter\NKUexperimenter.cpp(1,1): warning C4828: 文件包含在偏移 0x1acd 处开始的字符，该字符在当前源字符集中无效(代码页 65001)。
E:\NKUcpp大作业开发\opencvprogram\NKUexperimenter\NKUexperimenter.cpp(1,1): warning C4828: 文件包含在偏移 0x1ad0 处开始的字符，该字符在当前源字符集中无效(代码页 65001)。
E:\NKUcpp大作业开发\opencvprogram\NKUexperimenter\NKUexperimenter.cpp(1,1): warning C4828: 文件包含在偏移 0x1bbb 处开始的字符，该字符在当前源字符集中无效(代码页 65001)。
E:\NKUcpp大作业开发\opencvprogram\NKUexperimenter\NKUexperimenter.cpp(1,1): warning C4828: 文件包含在偏移 0x1bbc 处开始的字符，该字符在当前源字符集中无效(代码页 65001)。
E:\NKUcpp大作业开发\opencvprogram\NKUexperimenter\NKUexperimenter.cpp(1,1): warning C4828: 文件包含在偏移 0x1bc7 处开始的字符，该字符在当前源字符集中无效(代码页 65001)。
E:\NKUcpp大作业开发\opencvprogram\NKUexperimenter\NKUexperimenter.cpp(1,1): warning C4828: 文件包含在偏移 0x1bcc 处开始的字符，该字符在当前源字符集中无效(代码页 65001)。
E:\NKUcpp大作业开发\opencvprogram\NKUexperimenter\NKUexperimenter.cpp(1,1): warning C4828: 文件包含在偏移 0x1c24 处开始的字符，该字符在当前源字符集中无效(代码页 65001)。
E:\NKUcpp大作业开发\opencvprogram\NKUexperimenter\NKUexperimenter.cpp(1,1): warning C4828: 文件包含在偏移 0x1c25 处开始的字符，该字符在当前源字符集中无效(代码页 65001)。
E:\NKUcpp大作业开发\opencvprogram\NKUexperimenter\NKUexperimenter.cpp(1,1): warning C4828: 文件包含在偏移 0x1c26 处开始的字符，该字符在当前源字符集中无效(代码页 65001)。
E:\NKUcpp大作业开发\opencvprogram\NKUexperimenter\NKUexperimenter.cpp(1,1): warning C4828: 文件包含在偏移 0x1c27 处开始的字符，该字符在当前源字符集中无效(代码页 65001)。
E:\NKUcpp大作业开发\opencvprogram\NKUexperimenter\NKUexperimenter.cpp(1,1): warning C4828: 文件包含在偏移 0x1c30 处开始的字符，该字符在当前源字符集中无效(代码页 65001)。
E:\NKUcpp大作业开发\opencvprogram\NKUexperimenter\NKUexperimenter.cpp(1,1): warning C4828: 文件包含在偏移 0x1c35 处开始的字符，该字符在当前源字符集中无效(代码页 65001)。
E:\NKUcpp大作业开发\opencvprogram\NKUexperimenter\NKUexperimenter.cpp(1,1): warning C4828: 文件包含在偏移 0x1c38 处开始的字符，该字符在当前源字符集中无效(代码页 65001)。
E:\NKUcpp大作业开发\opencvprogram\NKUexperimenter\NKUexperimenter.cpp(1,1): warning C4828: 文件包含在偏移 0x1c39 处开始的字符，该字符在当前源字符集中无效(代码页 65001)。
E:\NKUcpp大作业开发\opencvprogram\NKUexperimenter\NKUexperimenter.cpp(1,1): warning C4828: 文件包含在偏移 0x1c3b 处开始的字符，该字符在当前源字符集中无效(代码页 65001)。
E:\NKUcpp大作业开发\opencvprogram\NKUexperimenter\NKUexperimenter.cpp(1,1): warning C4828: 文件包含在偏移 0x1c3e 处开始的字符，该字符在当前源字符集中无效(代码页 65001)。
E:\NKUcpp大作业开发\opencvprogram\NKUexperimenter\NKUexperimenter.cpp(1,1): warning C4828: 文件包含在偏移 0x1c3f 处开始的字符，该字符在当前源字符集中无效(代码页 65001)。
E:\NKUcpp大作业开发\opencvprogram\NKUexperimenter\NKUexperimenter.cpp(1,1): warning C4828: 文件包含在偏移 0x1c40 处开始的字符，该字符在当前源字符集中无效(代码页 65001)。
E:\NKUcpp大作业开发\opencvprogram\NKUexperimenter\NKUexperimenter.cpp(1,1): warning C4828: 文件包含在偏移 0x1c41 处开始的字符，该字符在当前源字符集中无效(代码页 65001)。
E:\NKUcpp大作业开发\opencvprogram\NKUexperimenter\NKUexperimenter.cpp(1,1): warning C4828: 文件包含在偏移 0x1c42 处开始的字符，该字符在当前源字符集中无效(代码页 65001)。
E:\NKUcpp大作业开发\opencvprogram\NKUexperimenter\NKUexperimenter.cpp(1,1): warning C4828: 文件包含在偏移 0x1c45 处开始的字符，该字符在当前源字符集中无效(代码页 65001)。
E:\NKUcpp大作业开发\opencvprogram\NKUexperimenter\NKUexperimenter.cpp(1,1): warning C4828: 文件包含在偏移 0x1c48 处开始的字符，该字符在当前源字符集中无效(代码页 65001)。
E:\NKUcpp大作业开发\opencvprogram\NKUexperimenter\NKUexperimenter.cpp(1,1): warning C4828: 文件包含在偏移 0x1c49 处开始的字符，该字符在当前源字符集中无效(代码页 65001)。
E:\NKUcpp大作业开发\opencvprogram\NKUexperimenter\NKUexperimenter.cpp(1,1): warning C4828: 文件包含在偏移 0x1cda 处开始的字符，该字符在当前源字符集中无效(代码页 65001)。
E:\NKUcpp大作业开发\opencvprogram\NKUexperimenter\NKUexperimenter.cpp(1,1): warning C4828: 文件包含在偏移 0x1cdc 处开始的字符，该字符在当前源字符集中无效(代码页 65001)。
E:\NKUcpp大作业开发\opencvprogram\NKUexperimenter\NKUexperimenter.cpp(1,1): warning C4828: 文件包含在偏移 0x1ce6 处开始的字符，该字符在当前源字符集中无效(代码页 65001)。
E:\NKUcpp大作业开发\opencvprogram\NKUexperimenter\NKUexperimenter.cpp(1,1): warning C4828: 文件包含在偏移 0x1cea 处开始的字符，该字符在当前源字符集中无效(代码页 65001)。
E:\NKUcpp大作业开发\opencvprogram\NKUexperimenter\NKUexperimenter.cpp(1,1): warning C4828: 文件包含在偏移 0x1cec 处开始的字符，该字符在当前源字符集中无效(代码页 65001)。
E:\NKUcpp大作业开发\opencvprogram\NKUexperimenter\NKUexperimenter.cpp(1,1): warning C4828: 文件包含在偏移 0x1cef 处开始的字符，该字符在当前源字符集中无效(代码页 65001)。
E:\NKUcpp大作业开发\opencvprogram\NKUexperimenter\NKUexperimenter.cpp(1,1): warning C4828: 文件包含在偏移 0x1cf3 处开始的字符，该字符在当前源字符集中无效(代码页 65001)。
E:\NKUcpp大作业开发\opencvprogram\NKUexperimenter\NKUexperimenter.cpp(1,1): warning C4828: 文件包含在偏移 0x1db7 处开始的字符，该字符在当前源字符集中无效(代码页 65001)。
E:\NKUcpp大作业开发\opencvprogram\NKUexperimenter\NKUexperimenter.cpp(1,1): warning C4828: 文件包含在偏移 0x1db9 处开始的字符，该字符在当前源字符集中无效(代码页 65001)。
E:\NKUcpp大作业开发\opencvprogram\NKUexperimenter\NKUexperimenter.cpp(1,1): warning C4828: 文件包含在偏移 0x1dbc 处开始的字符，该字符在当前源字符集中无效(代码页 65001)。
E:\NKUcpp大作业开发\opencvprogram\NKUexperimenter\NKUexperimenter.cpp(1,1): warning C4828: 文件包含在偏移 0x1dbe 处开始的字符，该字符在当前源字符集中无效(代码页 65001)。
E:\NKUcpp大作业开发\opencvprogram\NKUexperimenter\NKUexperimenter.cpp(1,1): warning C4828: 文件包含在偏移 0x1dc2 处开始的字符，该字符在当前源字符集中无效(代码页 65001)。
E:\NKUcpp大作业开发\opencvprogram\NKUexperimenter\NKUexperimenter.cpp(1,1): warning C4828: 文件包含在偏移 0x1dc4 处开始的字符，该字符在当前源字符集中无效(代码页 65001)。
E:\NKUcpp大作业开发\opencvprogram\NKUexperimenter\NKUexperimenter.cpp(1,1): warning C4828: 文件包含在偏移 0x1dc7 处开始的字符，该字符在当前源字符集中无效(代码页 65001)。
E:\NKUcpp大作业开发\opencvprogram\NKUexperimenter\NKUexperimenter.cpp(1,1): warning C4828: 文件包含在偏移 0x1dc8 处开始的字符，该字符在当前源字符集中无效(代码页 65001)。
E:\NKUcpp大作业开发\opencvprogram\NKUexperimenter\NKUexperimenter.cpp(1,1): warning C4828: 文件包含在偏移 0x1dc9 处开始的字符，该字符在当前源字符集中无效(代码页 65001)。
E:\NKUcpp大作业开发\opencvprogram\NKUexperimenter\NKUexperimenter.cpp(1,1): warning C4828: 文件包含在偏移 0x1dcb 处开始的字符，该字符在当前源字符集中无效(代码页 65001)。
E:\NKUcpp大作业开发\opencvprogram\NKUexperimenter\NKUexperimenter.cpp(1,1): warning C4828: 文件包含在偏移 0x1dcc 处开始的字符，该字符在当前源字符集中无效(代码页 65001)。
E:\NKUcpp大作业开发\opencvprogram\NKUexperimenter\NKUexperimenter.cpp(1,1): warning C4828: 文件包含在偏移 0x1dcd 处开始的字符，该字符在当前源字符集中无效(代码页 65001)。
E:\NKUcpp大作业开发\opencvprogram\NKUexperimenter\NKUexperimenter.cpp(1,1): warning C4828: 文件包含在偏移 0x1dcf 处开始的字符，该字符在当前源字符集中无效(代码页 65001)。
E:\NKUcpp大作业开发\opencvprogram\NKUexperimenter\NKUexperimenter.cpp(1,1): warning C4828: 文件包含在偏移 0x1dd0 处开始的字符，该字符在当前源字符集中无效(代码页 65001)。
E:\NKUcpp大作业开发\opencvprogram\NKUexperimenter\NKUexperimenter.cpp(1,1): warning C4828: 文件包含在偏移 0x1dd1 处开始的字符，该字符在当前源字符集中无效(代码页 65001)。
E:\NKUcpp大作业开发\opencvprogram\NKUexperimenter\NKUexperimenter.cpp(1,1): warning C4828: 文件包含在偏移 0x1dd3 处开始的字符，该字符在当前源字符集中无效(代码页 65001)。
E:\NKUcpp大作业开发\opencvprogram\NKUexperimenter\NKUexperimenter.cpp(1,1): warning C4828: 文件包含在偏移 0x1dd6 处开始的字符，该字符在当前源字符集中无效(代码页 65001)。
E:\NKUcpp大作业开发\opencvprogram\NKUexperimenter\NKUexperimenter.cpp(1,1): warning C4828: 文件包含在偏移 0x1dd7 处开始的字符，该字符在当前源字符集中无效(代码页 65001)。
E:\NKUcpp大作业开发\opencvprogram\NKUexperimenter\NKUexperimenter.cpp(1,1): warning C4828: 文件包含在偏移 0x1dd8 处开始的字符，该字符在当前源字符集中无效(代码页 65001)。
E:\NKUcpp大作业开发\opencvprogram\NKUexperimenter\NKUexperimenter.h(1,1): warning C4828: 文件包含在偏移 0x16e 处开始的字符，该字符在当前源字符集中无效(代码页 65001)。
E:\NKUcpp大作业开发\opencvprogram\NKUexperimenter\imgClass.h(1,1): warning C4828: 文件包含在偏移 0x19c 处开始的字符，该字符在当前源字符集中无效(代码页 65001)。
E:\NKUcpp大作业开发\opencvprogram\NKUexperimenter\imgClass.h(1,1): warning C4828: 文件包含在偏移 0x19f 处开始的字符，该字符在当前源字符集中无效(代码页 65001)。
E:\NKUcpp大作业开发\opencvprogram\NKUexperimenter\imgClass.h(1,1): warning C4828: 文件包含在偏移 0x1a1 处开始的字符，该字符在当前源字符集中无效(代码页 65001)。
E:\NKUcpp大作业开发\opencvprogram\NKUexperimenter\imgClass.h(1,1): warning C4828: 文件包含在偏移 0x1a2 处开始的字符，该字符在当前源字符集中无效(代码页 65001)。
E:\NKUcpp大作业开发\opencvprogram\NKUexperimenter\imgClass.h(1,1): warning C4828: 文件包含在偏移 0x301 处开始的字符，该字符在当前源字符集中无效(代码页 65001)。
E:\NKUcpp大作业开发\opencvprogram\NKUexperimenter\imgClass.h(1,1): warning C4828: 文件包含在偏移 0x302 处开始的字符，该字符在当前源字符集中无效(代码页 65001)。
E:\NKUcpp大作业开发\opencvprogram\NKUexperimenter\imgClass.h(1,1): warning C4828: 文件包含在偏移 0x303 处开始的字符，该字符在当前源字符集中无效(代码页 65001)。
E:\NKUcpp大作业开发\opencvprogram\NKUexperimenter\imgClass.h(1,1): warning C4828: 文件包含在偏移 0x304 处开始的字符，该字符在当前源字符集中无效(代码页 65001)。
E:\NKUcpp大作业开发\opencvprogram\NKUexperimenter\imgClass.h(1,1): warning C4828: 文件包含在偏移 0x335 处开始的字符，该字符在当前源字符集中无效(代码页 65001)。
E:\NKUcpp大作业开发\opencvprogram\NKUexperimenter\imgClass.h(1,1): warning C4828: 文件包含在偏移 0x336 处开始的字符，该字符在当前源字符集中无效(代码页 65001)。
E:\NKUcpp大作业开发\opencvprogram\NKUexperimenter\imgClass.h(1,1): warning C4828: 文件包含在偏移 0x33b 处开始的字符，该字符在当前源字符集中无效(代码页 65001)。
E:\NKUcpp大作业开发\opencvprogram\NKUexperimenter\imgClass.h(1,1): warning C4828: 文件包含在偏移 0x33c 处开始的字符，该字符在当前源字符集中无效(代码页 65001)。
E:\NKUcpp大作业开发\opencvprogram\NKUexperimenter\imgClass.h(1,1): warning C4828: 文件包含在偏移 0x340 处开始的字符，该字符在当前源字符集中无效(代码页 65001)。
E:\NKUcpp大作业开发\opencvprogram\NKUexperimenter\imgClass.h(1,1): warning C4828: 文件包含在偏移 0x344 处开始的字符，该字符在当前源字符集中无效(代码页 65001)。
E:\NKUcpp大作业开发\opencvprogram\NKUexperimenter\imgClass.h(1,1): warning C4828: 文件包含在偏移 0x346 处开始的字符，该字符在当前源字符集中无效(代码页 65001)。
E:\NKUcpp大作业开发\opencvprogram\NKUexperimenter\imgClass.h(1,1): warning C4828: 文件包含在偏移 0x347 处开始的字符，该字符在当前源字符集中无效(代码页 65001)。
E:\NKUcpp大作业开发\opencvprogram\NKUexperimenter\imgClass.h(1,1): warning C4828: 文件包含在偏移 0x348 处开始的字符，该字符在当前源字符集中无效(代码页 65001)。
E:\NKUcpp大作业开发\opencvprogram\NKUexperimenter\imgClass.h(1,1): warning C4828: 文件包含在偏移 0x349 处开始的字符，该字符在当前源字符集中无效(代码页 65001)。
E:\NKUcpp大作业开发\opencvprogram\NKUexperimenter\imgClass.h(1,1): warning C4828: 文件包含在偏移 0x34b 处开始的字符，该字符在当前源字符集中无效(代码页 65001)。
E:\NKUcpp大作业开发\opencvprogram\NKUexperimenter\imgClass.h(1,1): warning C4828: 文件包含在偏移 0x34c 处开始的字符，该字符在当前源字符集中无效(代码页 65001)。
E:\NKUcpp大作业开发\opencvprogram\NKUexperimenter\imgClass.h(1,1): warning C4828: 文件包含在偏移 0x34d 处开始的字符，该字符在当前源字符集中无效(代码页 65001)。
E:\NKUcpp大作业开发\opencvprogram\NKUexperimenter\imgClass.h(1,1): warning C4828: 文件包含在偏移 0x34f 处开始的字符，该字符在当前源字符集中无效(代码页 65001)。
E:\NKUcpp大作业开发\opencvprogram\NKUexperimenter\imgClass.h(1,1): warning C4828: 文件包含在偏移 0x350 处开始的字符，该字符在当前源字符集中无效(代码页 65001)。
E:\NKUcpp大作业开发\opencvprogram\NKUexperimenter\imgClass.h(1,1): warning C4828: 文件包含在偏移 0x351 处开始的字符，该字符在当前源字符集中无效(代码页 65001)。
E:\NKUcpp大作业开发\opencvprogram\NKUexperimenter\imgClass.h(1,1): warning C4828: 文件包含在偏移 0x352 处开始的字符，该字符在当前源字符集中无效(代码页 65001)。
E:\NKUcpp大作业开发\opencvprogram\NKUexperimenter\imgClass.h(1,1): warning C4828: 文件包含在偏移 0x3c5 处开始的字符，该字符在当前源字符集中无效(代码页 65001)。
E:\NKUcpp大作业开发\opencvprogram\NKUexperimenter\imgClass.h(1,1): warning C4828: 文件包含在偏移 0x3cb 处开始的字符，该字符在当前源字符集中无效(代码页 65001)。
E:\NKUcpp大作业开发\opencvprogram\NKUexperimenter\imgClass.h(1,1): warning C4828: 文件包含在偏移 0x3cc 处开始的字符，该字符在当前源字符集中无效(代码页 65001)。
E:\NKUcpp大作业开发\opencvprogram\NKUexperimenter\imgClass.h(1,1): warning C4828: 文件包含在偏移 0x3cd 处开始的字符，该字符在当前源字符集中无效(代码页 65001)。
E:\NKUcpp大作业开发\opencvprogram\NKUexperimenter\imgClass.h(1,1): warning C4828: 文件包含在偏移 0x3ce 处开始的字符，该字符在当前源字符集中无效(代码页 65001)。
E:\NKUcpp大作业开发\opencvprogram\NKUexperimenter\imgClass.h(1,1): warning C4828: 文件包含在偏移 0x3cf 处开始的字符，该字符在当前源字符集中无效(代码页 65001)。
E:\NKUcpp大作业开发\opencvprogram\NKUexperimenter\imgClass.h(1,1): warning C4828: 文件包含在偏移 0x3d0 处开始的字符，该字符在当前源字符集中无效(代码页 65001)。
E:\NKUcpp大作业开发\opencvprogram\NKUexperimenter\imgClass.h(1,1): warning C4828: 文件包含在偏移 0x3d1 处开始的字符，该字符在当前源字符集中无效(代码页 65001)。
E:\NKUcpp大作业开发\opencvprogram\NKUexperimenter\imgClass.h(1,1): warning C4828: 文件包含在偏移 0x3d3 处开始的字符，该字符在当前源字符集中无效(代码页 65001)。
E:\NKUcpp大作业开发\opencvprogram\NKUexperimenter\imgClass.h(1,1): warning C4828: 文件包含在偏移 0x3d6 处开始的字符，该字符在当前源字符集中无效(代码页 65001)。
E:\NKUcpp大作业开发\opencvprogram\NKUexperimenter\imgClass.h(1,1): warning C4828: 文件包含在偏移 0x3d7 处开始的字符，该字符在当前源字符集中无效(代码页 65001)。
E:\NKUcpp大作业开发\opencvprogram\NKUexperimenter\imgClass.h(1,1): warning C4828: 文件包含在偏移 0x3d8 处开始的字符，该字符在当前源字符集中无效(代码页 65001)。
E:\NKUcpp大作业开发\opencvprogram\NKUexperimenter\imgClass.h(1,1): warning C4828: 文件包含在偏移 0x3d9 处开始的字符，该字符在当前源字符集中无效(代码页 65001)。
E:\NKUcpp大作业开发\opencvprogram\NKUexperimenter\imgClass.h(1,1): warning C4828: 文件包含在偏移 0x3dd 处开始的字符，该字符在当前源字符集中无效(代码页 65001)。
E:\NKUcpp大作业开发\opencvprogram\NKUexperimenter\imgClass.h(1,1): warning C4828: 文件包含在偏移 0x3de 处开始的字符，该字符在当前源字符集中无效(代码页 65001)。
E:\NKUcpp大作业开发\opencvprogram\NKUexperimenter\imgClass.h(1,1): warning C4828: 文件包含在偏移 0x3df 处开始的字符，该字符在当前源字符集中无效(代码页 65001)。
E:\NKUcpp大作业开发\opencvprogram\NKUexperimenter\imgClass.h(1,1): warning C4828: 文件包含在偏移 0x3e0 处开始的字符，该字符在当前源字符集中无效(代码页 65001)。
E:\NKUcpp大作业开发\opencvprogram\NKUexperimenter\imgClass.h(1,1): warning C4828: 文件包含在偏移 0x3e2 处开始的字符，该字符在当前源字符集中无效(代码页 65001)。
E:\NKUcpp大作业开发\opencvprogram\NKUexperimenter\imgClass.h(1,1): warning C4828: 文件包含在偏移 0x3e3 处开始的字符，该字符在当前源字符集中无效(代码页 65001)。
E:\NKUcpp大作业开发\opencvprogram\NKUexperimenter\imgClass.h(1,1): warning C4828: 文件包含在偏移 0x3e4 处开始的字符，该字符在当前源字符集中无效(代码页 65001)。
E:\NKUcpp大作业开发\opencvprogram\NKUexperimenter\imgClass.h(1,1): warning C4828: 文件包含在偏移 0x3e7 处开始的字符，该字符在当前源字符集中无效(代码页 65001)。
E:\NKUcpp大作业开发\opencvprogram\NKUexperimenter\imgClass.h(1,1): warning C4828: 文件包含在偏移 0x3e8 处开始的字符，该字符在当前源字符集中无效(代码页 65001)。
E:\NKUcpp大作业开发\opencvprogram\NKUexperimenter\imgClass.h(1,1): warning C4828: 文件包含在偏移 0x3ed 处开始的字符，该字符在当前源字符集中无效(代码页 65001)。
E:\NKUcpp大作业开发\opencvprogram\NKUexperimenter\imgClass.h(1,1): warning C4828: 文件包含在偏移 0x3ee 处开始的字符，该字符在当前源字符集中无效(代码页 65001)。
E:\NKUcpp大作业开发\opencvprogram\NKUexperimenter\imgClass.h(1,1): warning C4828: 文件包含在偏移 0x3f1 处开始的字符，该字符在当前源字符集中无效(代码页 65001)。
E:\NKUcpp大作业开发\opencvprogram\NKUexperimenter\imgClass.h(1,1): warning C4828: 文件包含在偏移 0x3f2 处开始的字符，该字符在当前源字符集中无效(代码页 65001)。
E:\NKUcpp大作业开发\opencvprogram\NKUexperimenter\imgClass.h(1,1): warning C4828: 文件包含在偏移 0x3f7 处开始的字符，该字符在当前源字符集中无效(代码页 65001)。
E:\NKUcpp大作业开发\opencvprogram\NKUexperimenter\imgClass.h(1,1): warning C4828: 文件包含在偏移 0x484 处开始的字符，该字符在当前源字符集中无效(代码页 65001)。
E:\NKUcpp大作业开发\opencvprogram\NKUexperimenter\imgClass.h(1,1): warning C4828: 文件包含在偏移 0x485 处开始的字符，该字符在当前源字符集中无效(代码页 65001)。
E:\NKUcpp大作业开发\opencvprogram\NKUexperimenter\imgClass.h(1,1): warning C4828: 文件包含在偏移 0x486 处开始的字符，该字符在当前源字符集中无效(代码页 65001)。
E:\NKUcpp大作业开发\opencvprogram\NKUexperimenter\imgClass.h(1,1): warning C4828: 文件包含在偏移 0x487 处开始的字符，该字符在当前源字符集中无效(代码页 65001)。
E:\NKUcpp大作业开发\opencvprogram\NKUexperimenter\imgClass.h(1,1): warning C4828: 文件包含在偏移 0x48a 处开始的字符，该字符在当前源字符集中无效(代码页 65001)。
E:\NKUcpp大作业开发\opencvprogram\NKUexperimenter\imgClass.h(1,1): warning C4828: 文件包含在偏移 0x48b 处开始的字符，该字符在当前源字符集中无效(代码页 65001)。
E:\NKUcpp大作业开发\opencvprogram\NKUexperimenter\imgClass.h(1,1): warning C4828: 文件包含在偏移 0x48f 处开始的字符，该字符在当前源字符集中无效(代码页 65001)。
E:\NKUcpp大作业开发\opencvprogram\NKUexperimenter\imgClass.h(1,1): warning C4828: 文件包含在偏移 0x492 处开始的字符，该字符在当前源字符集中无效(代码页 65001)。
E:\NKUcpp大作业开发\opencvprogram\NKUexperimenter\imgClass.h(1,1): warning C4828: 文件包含在偏移 0x495 处开始的字符，该字符在当前源字符集中无效(代码页 65001)。
E:\NKUcpp大作业开发\opencvprogram\NKUexperimenter\imgClass.h(1,1): warning C4828: 文件包含在偏移 0x49a 处开始的字符，该字符在当前源字符集中无效(代码页 65001)。
E:\NKUcpp大作业开发\opencvprogram\NKUexperimenter\imgClass.h(1,1): warning C4828: 文件包含在偏移 0x49b 处开始的字符，该字符在当前源字符集中无效(代码页 65001)。
E:\NKUcpp大作业开发\opencvprogram\NKUexperimenter\imgClass.h(1,1): warning C4828: 文件包含在偏移 0x49d 处开始的字符，该字符在当前源字符集中无效(代码页 65001)。
E:\NKUcpp大作业开发\opencvprogram\NKUexperimenter\imgClass.h(1,1): warning C4828: 文件包含在偏移 0x49e 处开始的字符，该字符在当前源字符集中无效(代码页 65001)。
E:\NKUcpp大作业开发\opencvprogram\NKUexperimenter\imgClass.h(1,1): warning C4828: 文件包含在偏移 0x49f 处开始的字符，该字符在当前源字符集中无效(代码页 65001)。
E:\NKUcpp大作业开发\opencvprogram\NKUexperimenter\imgClass.h(1,1): warning C4828: 文件包含在偏移 0x4a1 处开始的字符，该字符在当前源字符集中无效(代码页 65001)。
E:\NKUcpp大作业开发\opencvprogram\NKUexperimenter\imgClass.h(1,1): warning C4828: 文件包含在偏移 0x4a2 处开始的字符，该字符在当前源字符集中无效(代码页 65001)。
E:\NKUcpp大作业开发\opencvprogram\NKUexperimenter\imgClass.h(1,1): warning C4828: 文件包含在偏移 0x51d 处开始的字符，该字符在当前源字符集中无效(代码页 65001)。
E:\NKUcpp大作业开发\opencvprogram\NKUexperimenter\imgClass.h(1,1): warning C4828: 文件包含在偏移 0x51e 处开始的字符，该字符在当前源字符集中无效(代码页 65001)。
E:\NKUcpp大作业开发\opencvprogram\NKUexperimenter\imgClass.h(1,1): warning C4828: 文件包含在偏移 0x51f 处开始的字符，该字符在当前源字符集中无效(代码页 65001)。
E:\NKUcpp大作业开发\opencvprogram\NKUexperimenter\imgClass.h(1,1): warning C4828: 文件包含在偏移 0x520 处开始的字符，该字符在当前源字符集中无效(代码页 65001)。
E:\NKUcpp大作业开发\opencvprogram\NKUexperimenter\imgClass.h(1,1): warning C4828: 文件包含在偏移 0x522 处开始的字符，该字符在当前源字符集中无效(代码页 65001)。
E:\NKUcpp大作业开发\opencvprogram\NKUexperimenter\imgClass.h(1,1): warning C4828: 文件包含在偏移 0x523 处开始的字符，该字符在当前源字符集中无效(代码页 65001)。
E:\NKUcpp大作业开发\opencvprogram\NKUexperimenter\imgClass.h(1,1): warning C4828: 文件包含在偏移 0x525 处开始的字符，该字符在当前源字符集中无效(代码页 65001)。
E:\NKUcpp大作业开发\opencvprogram\NKUexperimenter\imgClass.h(1,1): warning C4828: 文件包含在偏移 0x527 处开始的字符，该字符在当前源字符集中无效(代码页 65001)。
E:\NKUcpp大作业开发\opencvprogram\NKUexperimenter\imgClass.h(1,1): warning C4828: 文件包含在偏移 0x528 处开始的字符，该字符在当前源字符集中无效(代码页 65001)。
E:\NKUcpp大作业开发\opencvprogram\NKUexperimenter\imgClass.h(1,1): warning C4828: 文件包含在偏移 0x529 处开始的字符，该字符在当前源字符集中无效(代码页 65001)。
E:\NKUcpp大作业开发\opencvprogram\NKUexperimenter\imgClass.h(1,1): warning C4828: 文件包含在偏移 0x52b 处开始的字符，该字符在当前源字符集中无效(代码页 65001)。
E:\NKUcpp大作业开发\opencvprogram\NKUexperimenter\imgClass.h(1,1): warning C4828: 文件包含在偏移 0x52c 处开始的字符，该字符在当前源字符集中无效(代码页 65001)。
E:\NKUcpp大作业开发\opencvprogram\NKUexperimenter\imgClass.h(1,1): warning C4828: 文件包含在偏移 0x52f 处开始的字符，该字符在当前源字符集中无效(代码页 65001)。
E:\NKUcpp大作业开发\opencvprogram\NKUexperimenter\imgClass.h(1,1): warning C4828: 文件包含在偏移 0x530 处开始的字符，该字符在当前源字符集中无效(代码页 65001)。
E:\NKUcpp大作业开发\opencvprogram\NKUexperimenter\imgClass.h(1,1): warning C4828: 文件包含在偏移 0x532 处开始的字符，该字符在当前源字符集中无效(代码页 65001)。
E:\NKUcpp大作业开发\opencvprogram\NKUexperimenter\imgClass.h(1,1): warning C4828: 文件包含在偏移 0x533 处开始的字符，该字符在当前源字符集中无效(代码页 65001)。
E:\NKUcpp大作业开发\opencvprogram\NKUexperimenter\imgClass.h(1,1): warning C4828: 文件包含在偏移 0x535 处开始的字符，该字符在当前源字符集中无效(代码页 65001)。
E:\NKUcpp大作业开发\opencvprogram\NKUexperimenter\imgClass.h(1,1): warning C4828: 文件包含在偏移 0x53e 处开始的字符，该字符在当前源字符集中无效(代码页 65001)。
E:\NKUcpp大作业开发\opencvprogram\NKUexperimenter\imgClass.h(1,1): warning C4828: 文件包含在偏移 0x540 处开始的字符，该字符在当前源字符集中无效(代码页 65001)。
E:\NKUcpp大作业开发\opencvprogram\NKUexperimenter\imgClass.h(1,1): warning C4828: 文件包含在偏移 0x54d 处开始的字符，该字符在当前源字符集中无效(代码页 65001)。
E:\NKUcpp大作业开发\opencvprogram\NKUexperimenter\imgClass.h(1,1): warning C4828: 文件包含在偏移 0x54f 处开始的字符，该字符在当前源字符集中无效(代码页 65001)。
E:\NKUcpp大作业开发\opencvprogram\NKUexperimenter\imgClass.h(1,1): warning C4828: 文件包含在偏移 0x550 处开始的字符，该字符在当前源字符集中无效(代码页 65001)。
E:\NKUcpp大作业开发\opencvprogram\NKUexperimenter\imgClass.h(1,1): warning C4828: 文件包含在偏移 0x553 处开始的字符，该字符在当前源字符集中无效(代码页 65001)。
E:\NKUcpp大作业开发\opencvprogram\NKUexperimenter\imgClass.h(1,1): warning C4828: 文件包含在偏移 0x554 处开始的字符，该字符在当前源字符集中无效(代码页 65001)。
E:\NKUcpp大作业开发\opencvprogram\NKUexperimenter\imgClass.h(1,1): warning C4828: 文件包含在偏移 0x555 处开始的字符，该字符在当前源字符集中无效(代码页 65001)。
E:\NKUcpp大作业开发\opencvprogram\NKUexperimenter\imgClass.h(1,1): warning C4828: 文件包含在偏移 0x558 处开始的字符，该字符在当前源字符集中无效(代码页 65001)。
E:\NKUcpp大作业开发\opencvprogram\NKUexperimenter\imgClass.h(1,1): warning C4828: 文件包含在偏移 0x559 处开始的字符，该字符在当前源字符集中无效(代码页 65001)。
E:\NKUcpp大作业开发\opencvprogram\NKUexperimenter\imgClass.h(1,1): warning C4828: 文件包含在偏移 0x55b 处开始的字符，该字符在当前源字符集中无效(代码页 65001)。
E:\NKUcpp大作业开发\opencvprogram\NKUexperimenter\imgClass.h(1,1): warning C4828: 文件包含在偏移 0x55d 处开始的字符，该字符在当前源字符集中无效(代码页 65001)。
E:\NKUcpp大作业开发\opencvprogram\NKUexperimenter\imgClass.h(1,1): warning C4828: 文件包含在偏移 0x561 处开始的字符，该字符在当前源字符集中无效(代码页 65001)。
E:\NKUcpp大作业开发\opencvprogram\NKUexperimenter\imgClass.h(1,1): warning C4828: 文件包含在偏移 0x562 处开始的字符，该字符在当前源字符集中无效(代码页 65001)。
E:\NKUcpp大作业开发\opencvprogram\NKUexperimenter\imgClass.h(1,1): warning C4828: 文件包含在偏移 0x563 处开始的字符，该字符在当前源字符集中无效(代码页 65001)。
E:\NKUcpp大作业开发\opencvprogram\NKUexperimenter\imgClass.h(1,1): warning C4828: 文件包含在偏移 0x565 处开始的字符，该字符在当前源字符集中无效(代码页 65001)。
E:\NKUcpp大作业开发\opencvprogram\NKUexperimenter\imgClass.h(1,1): warning C4828: 文件包含在偏移 0x566 处开始的字符，该字符在当前源字符集中无效(代码页 65001)。
E:\NKUcpp大作业开发\opencvprogram\NKUexperimenter\imgClass.h(1,1): warning C4828: 文件包含在偏移 0x56b 处开始的字符，该字符在当前源字符集中无效(代码页 65001)。
E:\NKUcpp大作业开发\opencvprogram\NKUexperimenter\imgClass.h(1,1): warning C4828: 文件包含在偏移 0x56f 处开始的字符，该字符在当前源字符集中无效(代码页 65001)。
E:\NKUcpp大作业开发\opencvprogram\NKUexperimenter\imgClass.h(1,1): warning C4828: 文件包含在偏移 0x570 处开始的字符，该字符在当前源字符集中无效(代码页 65001)。
E:\NKUcpp大作业开发\opencvprogram\NKUexperimenter\imgClass.h(1,1): warning C4828: 文件包含在偏移 0x571 处开始的字符，该字符在当前源字符集中无效(代码页 65001)。
E:\NKUcpp大作业开发\opencvprogram\NKUexperimenter\imgClass.h(1,1): warning C4828: 文件包含在偏移 0x575 处开始的字符，该字符在当前源字符集中无效(代码页 65001)。
E:\NKUcpp大作业开发\opencvprogram\NKUexperimenter\imgClass.h(1,1): warning C4828: 文件包含在偏移 0x57b 处开始的字符，该字符在当前源字符集中无效(代码页 65001)。
E:\NKUcpp大作业开发\opencvprogram\NKUexperimenter\imgClass.h(1,1): warning C4828: 文件包含在偏移 0x57c 处开始的字符，该字符在当前源字符集中无效(代码页 65001)。
E:\NKUcpp大作业开发\opencvprogram\NKUexperimenter\imgClass.h(1,1): warning C4828: 文件包含在偏移 0x57e 处开始的字符，该字符在当前源字符集中无效(代码页 65001)。
E:\NKUcpp大作业开发\opencvprogram\NKUexperimenter\imgClass.h(1,1): warning C4828: 文件包含在偏移 0x57f 处开始的字符，该字符在当前源字符集中无效(代码页 65001)。
E:\NKUcpp大作业开发\opencvprogram\NKUexperimenter\imgClass.h(1,1): warning C4828: 文件包含在偏移 0x580 处开始的字符，该字符在当前源字符集中无效(代码页 65001)。
E:\NKUcpp大作业开发\opencvprogram\NKUexperimenter\imgClass.h(1,1): warning C4828: 文件包含在偏移 0x581 处开始的字符，该字符在当前源字符集中无效(代码页 65001)。
E:\NKUcpp大作业开发\opencvprogram\NKUexperimenter\imgClass.h(1,1): warning C4828: 文件包含在偏移 0x5bc 处开始的字符，该字符在当前源字符集中无效(代码页 65001)。
E:\NKUcpp大作业开发\opencvprogram\NKUexperimenter\imgClass.h(1,1): warning C4828: 文件包含在偏移 0x5c9 处开始的字符，该字符在当前源字符集中无效(代码页 65001)。
E:\NKUcpp大作业开发\opencvprogram\NKUexperimenter\imgClass.h(1,1): warning C4828: 文件包含在偏移 0x5cd 处开始的字符，该字符在当前源字符集中无效(代码页 65001)。
E:\NKUcpp大作业开发\opencvprogram\NKUexperimenter\imgClass.h(1,1): warning C4828: 文件包含在偏移 0x5cf 处开始的字符，该字符在当前源字符集中无效(代码页 65001)。
E:\NKUcpp大作业开发\opencvprogram\NKUexperimenter\imgClass.h(1,1): warning C4828: 文件包含在偏移 0x5d1 处开始的字符，该字符在当前源字符集中无效(代码页 65001)。
E:\NKUcpp大作业开发\opencvprogram\NKUexperimenter\imgClass.h(1,1): warning C4828: 文件包含在偏移 0x5d2 处开始的字符，该字符在当前源字符集中无效(代码页 65001)。
E:\NKUcpp大作业开发\opencvprogram\NKUexperimenter\imgClass.h(1,1): warning C4828: 文件包含在偏移 0x5d3 处开始的字符，该字符在当前源字符集中无效(代码页 65001)。
E:\NKUcpp大作业开发\opencvprogram\NKUexperimenter\imgClass.h(1,1): warning C4828: 文件包含在偏移 0x5d4 处开始的字符，该字符在当前源字符集中无效(代码页 65001)。
E:\NKUcpp大作业开发\opencvprogram\NKUexperimenter\imgClass.h(1,1): warning C4828: 文件包含在偏移 0x5d9 处开始的字符，该字符在当前源字符集中无效(代码页 65001)。
E:\NKUcpp大作业开发\opencvprogram\NKUexperimenter\imgClass.h(1,1): warning C4828: 文件包含在偏移 0x5db 处开始的字符，该字符在当前源字符集中无效(代码页 65001)。
E:\NKUcpp大作业开发\opencvprogram\NKUexperimenter\imgClass.h(1,1): warning C4828: 文件包含在偏移 0x5e0 处开始的字符，该字符在当前源字符集中无效(代码页 65001)。
E:\NKUcpp大作业开发\opencvprogram\NKUexperimenter\imgClass.h(1,1): warning C4828: 文件包含在偏移 0x5e2 处开始的字符，该字符在当前源字符集中无效(代码页 65001)。
E:\NKUcpp大作业开发\opencvprogram\NKUexperimenter\imgClass.h(1,1): warning C4828: 文件包含在偏移 0x5e3 处开始的字符，该字符在当前源字符集中无效(代码页 65001)。
E:\NKUcpp大作业开发\opencvprogram\NKUexperimenter\imgClass.h(1,1): warning C4828: 文件包含在偏移 0x5e5 处开始的字符，该字符在当前源字符集中无效(代码页 65001)。
E:\NKUcpp大作业开发\opencvprogram\NKUexperimenter\imgClass.h(1,1): warning C4828: 文件包含在偏移 0x5e7 处开始的字符，该字符在当前源字符集中无效(代码页 65001)。
E:\NKUcpp大作业开发\opencvprogram\NKUexperimenter\imgClass.h(1,1): warning C4828: 文件包含在偏移 0x5e9 处开始的字符，该字符在当前源字符集中无效(代码页 65001)。
E:\NKUcpp大作业开发\opencvprogram\NKUexperimenter\imgClass.h(1,1): warning C4828: 文件包含在偏移 0x5ed 处开始的字符，该字符在当前源字符集中无效(代码页 65001)。
E:\NKUcpp大作业开发\opencvprogram\NKUexperimenter\imgClass.h(1,1): warning C4828: 文件包含在偏移 0x5ee 处开始的字符，该字符在当前源字符集中无效(代码页 65001)。
E:\NKUcpp大作业开发\opencvprogram\NKUexperimenter\imgClass.h(1,1): warning C4828: 文件包含在偏移 0x5f0 处开始的字符，该字符在当前源字符集中无效(代码页 65001)。
E:\NKUcpp大作业开发\opencvprogram\NKUexperimenter\imgClass.h(1,1): warning C4828: 文件包含在偏移 0x628 处开始的字符，该字符在当前源字符集中无效(代码页 65001)。
E:\NKUcpp大作业开发\opencvprogram\NKUexperimenter\imgClass.h(1,1): warning C4828: 文件包含在偏移 0x629 处开始的字符，该字符在当前源字符集中无效(代码页 65001)。
E:\NKUcpp大作业开发\opencvprogram\NKUexperimenter\imgClass.h(1,1): warning C4828: 文件包含在偏移 0x62a 处开始的字符，该字符在当前源字符集中无效(代码页 65001)。
E:\NKUcpp大作业开发\opencvprogram\NKUexperimenter\imgClass.h(1,1): warning C4828: 文件包含在偏移 0x62b 处开始的字符，该字符在当前源字符集中无效(代码页 65001)。
E:\NKUcpp大作业开发\opencvprogram\NKUexperimenter\imgClass.h(1,1): warning C4828: 文件包含在偏移 0x62f 处开始的字符，该字符在当前源字符集中无效(代码页 65001)。
E:\NKUcpp大作业开发\opencvprogram\NKUexperimenter\imgClass.h(1,1): warning C4828: 文件包含在偏移 0x630 处开始的字符，该字符在当前源字符集中无效(代码页 65001)。
E:\NKUcpp大作业开发\opencvprogram\NKUexperimenter\imgClass.h(1,1): warning C4828: 文件包含在偏移 0x632 处开始的字符，该字符在当前源字符集中无效(代码页 65001)。
E:\NKUcpp大作业开发\opencvprogram\NKUexperimenter\imgClass.h(1,1): warning C4828: 文件包含在偏移 0x63b 处开始的字符，该字符在当前源字符集中无效(代码页 65001)。
E:\NKUcpp大作业开发\opencvprogram\NKUexperimenter\imgClass.h(1,1): warning C4828: 文件包含在偏移 0x63f 处开始的字符，该字符在当前源字符集中无效(代码页 65001)。
E:\NKUcpp大作业开发\opencvprogram\NKUexperimenter\imgClass.h(1,1): warning C4828: 文件包含在偏移 0x640 处开始的字符，该字符在当前源字符集中无效(代码页 65001)。
E:\NKUcpp大作业开发\opencvprogram\NKUexperimenter\imgClass.h(1,1): warning C4828: 文件包含在偏移 0x65b 处开始的字符，该字符在当前源字符集中无效(代码页 65001)。
E:\NKUcpp大作业开发\opencvprogram\NKUexperimenter\imgClass.h(1,1): warning C4828: 文件包含在偏移 0x65c 处开始的字符，该字符在当前源字符集中无效(代码页 65001)。
E:\NKUcpp大作业开发\opencvprogram\NKUexperimenter\imgClass.h(1,1): warning C4828: 文件包含在偏移 0x65e 处开始的字符，该字符在当前源字符集中无效(代码页 65001)。
E:\NKUcpp大作业开发\opencvprogram\NKUexperimenter\imgClass.h(1,1): warning C4828: 文件包含在偏移 0x65f 处开始的字符，该字符在当前源字符集中无效(代码页 65001)。
E:\NKUcpp大作业开发\opencvprogram\NKUexperimenter\imgClass.h(1,1): warning C4828: 文件包含在偏移 0x661 处开始的字符，该字符在当前源字符集中无效(代码页 65001)。
E:\NKUcpp大作业开发\opencvprogram\NKUexperimenter\imgClass.h(1,1): warning C4828: 文件包含在偏移 0x663 处开始的字符，该字符在当前源字符集中无效(代码页 65001)。
E:\NKUcpp大作业开发\opencvprogram\NKUexperimenter\imgClass.h(1,1): warning C4828: 文件包含在偏移 0x664 处开始的字符，该字符在当前源字符集中无效(代码页 65001)。
E:\NKUcpp大作业开发\opencvprogram\NKUexperimenter\imgClass.h(1,1): warning C4828: 文件包含在偏移 0x666 处开始的字符，该字符在当前源字符集中无效(代码页 65001)。
E:\NKUcpp大作业开发\opencvprogram\NKUexperimenter\imgClass.h(1,1): warning C4828: 文件包含在偏移 0x667 处开始的字符，该字符在当前源字符集中无效(代码页 65001)。
E:\NKUcpp大作业开发\opencvprogram\NKUexperimenter\imgClass.h(1,1): warning C4828: 文件包含在偏移 0x669 处开始的字符，该字符在当前源字符集中无效(代码页 65001)。
E:\NKUcpp大作业开发\opencvprogram\NKUexperimenter\imgClass.h(1,1): warning C4828: 文件包含在偏移 0x66b 处开始的字符，该字符在当前源字符集中无效(代码页 65001)。
E:\NKUcpp大作业开发\opencvprogram\NKUexperimenter\imgClass.h(1,1): warning C4828: 文件包含在偏移 0x66c 处开始的字符，该字符在当前源字符集中无效(代码页 65001)。
E:\NKUcpp大作业开发\opencvprogram\NKUexperimenter\imgClass.h(1,1): warning C4828: 文件包含在偏移 0x66e 处开始的字符，该字符在当前源字符集中无效(代码页 65001)。
E:\NKUcpp大作业开发\opencvprogram\NKUexperimenter\imgClass.h(1,1): warning C4828: 文件包含在偏移 0x672 处开始的字符，该字符在当前源字符集中无效(代码页 65001)。
E:\NKUcpp大作业开发\opencvprogram\NKUexperimenter\imgClass.h(1,1): warning C4828: 文件包含在偏移 0x673 处开始的字符，该字符在当前源字符集中无效(代码页 65001)。
E:\NKUcpp大作业开发\opencvprogram\NKUexperimenter\imgClass.h(1,1): warning C4828: 文件包含在偏移 0x674 处开始的字符，该字符在当前源字符集中无效(代码页 65001)。
E:\NKUcpp大作业开发\opencvprogram\NKUexperimenter\imgClass.h(1,1): warning C4828: 文件包含在偏移 0x675 处开始的字符，该字符在当前源字符集中无效(代码页 65001)。
E:\NKUcpp大作业开发\opencvprogram\NKUexperimenter\imgClass.h(1,1): warning C4828: 文件包含在偏移 0x676 处开始的字符，该字符在当前源字符集中无效(代码页 65001)。
E:\NKUcpp大作业开发\opencvprogram\NKUexperimenter\imgClass.h(1,1): warning C4828: 文件包含在偏移 0x679 处开始的字符，该字符在当前源字符集中无效(代码页 65001)。
E:\NKUcpp大作业开发\opencvprogram\NKUexperimenter\imgClass.h(1,1): warning C4828: 文件包含在偏移 0x67a 处开始的字符，该字符在当前源字符集中无效(代码页 65001)。
E:\NKUcpp大作业开发\opencvprogram\NKUexperimenter\imgClass.h(1,1): warning C4828: 文件包含在偏移 0x67c 处开始的字符，该字符在当前源字符集中无效(代码页 65001)。
E:\NKUcpp大作业开发\opencvprogram\NKUexperimenter\imgClass.h(1,1): warning C4828: 文件包含在偏移 0x6cd 处开始的字符，该字符在当前源字符集中无效(代码页 65001)。
E:\NKUcpp大作业开发\opencvprogram\NKUexperimenter\imgClass.h(1,1): warning C4828: 文件包含在偏移 0x6ce 处开始的字符，该字符在当前源字符集中无效(代码页 65001)。
E:\NKUcpp大作业开发\opencvprogram\NKUexperimenter\imgClass.h(1,1): warning C4828: 文件包含在偏移 0x6cf 处开始的字符，该字符在当前源字符集中无效(代码页 65001)。
E:\NKUcpp大作业开发\opencvprogram\NKUexperimenter\imgClass.h(1,1): warning C4828: 文件包含在偏移 0x6d0 处开始的字符，该字符在当前源字符集中无效(代码页 65001)。
E:\NKUcpp大作业开发\opencvprogram\NKUexperimenter\imgClass.h(1,1): warning C4828: 文件包含在偏移 0x6d6 处开始的字符，该字符在当前源字符集中无效(代码页 65001)。
E:\NKUcpp大作业开发\opencvprogram\NKUexperimenter\imgClass.h(1,1): warning C4828: 文件包含在偏移 0x6db 处开始的字符，该字符在当前源字符集中无效(代码页 65001)。
E:\NKUcpp大作业开发\opencvprogram\NKUexperimenter\imgClass.h(1,1): warning C4828: 文件包含在偏移 0x721 处开始的字符，该字符在当前源字符集中无效(代码页 65001)。
E:\NKUcpp大作业开发\opencvprogram\NKUexperimenter\imgClass.h(1,1): warning C4828: 文件包含在偏移 0x722 处开始的字符，该字符在当前源字符集中无效(代码页 65001)。
E:\NKUcpp大作业开发\opencvprogram\NKUexperimenter\imgClass.h(1,1): warning C4828: 文件包含在偏移 0x723 处开始的字符，该字符在当前源字符集中无效(代码页 65001)。
E:\NKUcpp大作业开发\opencvprogram\NKUexperimenter\imgClass.h(1,1): warning C4828: 文件包含在偏移 0x725 处开始的字符，该字符在当前源字符集中无效(代码页 65001)。
E:\NKUcpp大作业开发\opencvprogram\NKUexperimenter\imgClass.h(1,1): warning C4828: 文件包含在偏移 0x726 处开始的字符，该字符在当前源字符集中无效(代码页 65001)。
E:\NKUcpp大作业开发\opencvprogram\NKUexperimenter\imgClass.h(1,1): warning C4828: 文件包含在偏移 0x729 处开始的字符，该字符在当前源字符集中无效(代码页 65001)。
E:\NKUcpp大作业开发\opencvprogram\NKUexperimenter\imgClass.h(1,1): warning C4828: 文件包含在偏移 0x72a 处开始的字符，该字符在当前源字符集中无效(代码页 65001)。
E:\NKUcpp大作业开发\opencvprogram\NKUexperimenter\imgClass.h(1,1): warning C4828: 文件包含在偏移 0x72e 处开始的字符，该字符在当前源字符集中无效(代码页 65001)。
E:\NKUcpp大作业开发\opencvprogram\NKUexperimenter\imgClass.h(1,1): warning C4828: 文件包含在偏移 0x72f 处开始的字符，该字符在当前源字符集中无效(代码页 65001)。
E:\NKUcpp大作业开发\opencvprogram\NKUexperimenter\imgClass.h(1,1): warning C4828: 文件包含在偏移 0x780 处开始的字符，该字符在当前源字符集中无效(代码页 65001)。
E:\NKUcpp大作业开发\opencvprogram\NKUexperimenter\imgClass.h(1,1): warning C4828: 文件包含在偏移 0x781 处开始的字符，该字符在当前源字符集中无效(代码页 65001)。
E:\NKUcpp大作业开发\opencvprogram\NKUexperimenter\imgClass.h(1,1): warning C4828: 文件包含在偏移 0x782 处开始的字符，该字符在当前源字符集中无效(代码页 65001)。
E:\NKUcpp大作业开发\opencvprogram\NKUexperimenter\imgClass.h(1,1): warning C4828: 文件包含在偏移 0x783 处开始的字符，该字符在当前源字符集中无效(代码页 65001)。
E:\NKUcpp大作业开发\opencvprogram\NKUexperimenter\imgClass.h(1,1): warning C4828: 文件包含在偏移 0x784 处开始的字符，该字符在当前源字符集中无效(代码页 65001)。
E:\NKUcpp大作业开发\opencvprogram\NKUexperimenter\imgClass.h(1,1): warning C4828: 文件包含在偏移 0x7cd 处开始的字符，该字符在当前源字符集中无效(代码页 65001)。
E:\NKUcpp大作业开发\opencvprogram\NKUexperimenter\imgClass.h(1,1): warning C4828: 文件包含在偏移 0x7ce 处开始的字符，该字符在当前源字符集中无效(代码页 65001)。
E:\NKUcpp大作业开发\opencvprogram\NKUexperimenter\imgClass.h(1,1): warning C4828: 文件包含在偏移 0x7d1 处开始的字符，该字符在当前源字符集中无效(代码页 65001)。
E:\NKUcpp大作业开发\opencvprogram\NKUexperimenter\imgClass.h(1,1): warning C4828: 文件包含在偏移 0x80d 处开始的字符，该字符在当前源字符集中无效(代码页 65001)。
E:\NKUcpp大作业开发\opencvprogram\NKUexperimenter\imgClass.h(1,1): warning C4828: 文件包含在偏移 0x80e 处开始的字符，该字符在当前源字符集中无效(代码页 65001)。
E:\NKUcpp大作业开发\opencvprogram\NKUexperimenter\imgClass.h(1,1): warning C4828: 文件包含在偏移 0x80f 处开始的字符，该字符在当前源字符集中无效(代码页 65001)。
E:\NKUcpp大作业开发\opencvprogram\NKUexperimenter\imgClass.h(1,1): warning C4828: 文件包含在偏移 0x810 处开始的字符，该字符在当前源字符集中无效(代码页 65001)。
E:\NKUcpp大作业开发\opencvprogram\NKUexperimenter\imgClass.h(1,1): warning C4828: 文件包含在偏移 0x811 处开始的字符，该字符在当前源字符集中无效(代码页 65001)。
E:\NKUcpp大作业开发\opencvprogram\NKUexperimenter\imgClass.h(1,1): warning C4828: 文件包含在偏移 0x813 处开始的字符，该字符在当前源字符集中无效(代码页 65001)。
E:\NKUcpp大作业开发\opencvprogram\NKUexperimenter\imgClass.h(1,1): warning C4828: 文件包含在偏移 0x815 处开始的字符，该字符在当前源字符集中无效(代码页 65001)。
E:\NKUcpp大作业开发\opencvprogram\NKUexperimenter\imgClass.h(1,1): warning C4828: 文件包含在偏移 0x819 处开始的字符，该字符在当前源字符集中无效(代码页 65001)。
E:\NKUcpp大作业开发\opencvprogram\NKUexperimenter\imgClass.h(1,1): warning C4828: 文件包含在偏移 0x81a 处开始的字符，该字符在当前源字符集中无效(代码页 65001)。
E:\NKUcpp大作业开发\opencvprogram\NKUexperimenter\imgClass.h(1,1): warning C4828: 文件包含在偏移 0x81c 处开始的字符，该字符在当前源字符集中无效(代码页 65001)。
E:\NKUcpp大作业开发\opencvprogram\NKUexperimenter\imgClass.h(1,1): warning C4828: 文件包含在偏移 0x84a 处开始的字符，该字符在当前源字符集中无效(代码页 65001)。
E:\NKUcpp大作业开发\opencvprogram\NKUexperimenter\imgClass.h(1,1): warning C4828: 文件包含在偏移 0x84b 处开始的字符，该字符在当前源字符集中无效(代码页 65001)。
E:\NKUcpp大作业开发\opencvprogram\NKUexperimenter\imgClass.h(1,1): warning C4828: 文件包含在偏移 0x84c 处开始的字符，该字符在当前源字符集中无效(代码页 65001)。
E:\NKUcpp大作业开发\opencvprogram\NKUexperimenter\imgClass.h(1,1): warning C4828: 文件包含在偏移 0x852 处开始的字符，该字符在当前源字符集中无效(代码页 65001)。
E:\NKUcpp大作业开发\opencvprogram\NKUexperimenter\imgClass.h(1,1): warning C4828: 文件包含在偏移 0x853 处开始的字符，该字符在当前源字符集中无效(代码页 65001)。
E:\NKUcpp大作业开发\opencvprogram\NKUexperimenter\imgClass.h(1,1): warning C4828: 文件包含在偏移 0x854 处开始的字符，该字符在当前源字符集中无效(代码页 65001)。
E:\NKUcpp大作业开发\opencvprogram\NKUexperimenter\imgClass.h(1,1): warning C4828: 文件包含在偏移 0x855 处开始的字符，该字符在当前源字符集中无效(代码页 65001)。
E:\NKUcpp大作业开发\opencvprogram\NKUexperimenter\imgClass.h(1,1): warning C4828: 文件包含在偏移 0x890 处开始的字符，该字符在当前源字符集中无效(代码页 65001)。
E:\NKUcpp大作业开发\opencvprogram\NKUexperimenter\imgClass.h(1,1): warning C4828: 文件包含在偏移 0x892 处开始的字符，该字符在当前源字符集中无效(代码页 65001)。
E:\NKUcpp大作业开发\opencvprogram\NKUexperimenter\imgClass.h(1,1): warning C4828: 文件包含在偏移 0x896 处开始的字符，该字符在当前源字符集中无效(代码页 65001)。
E:\NKUcpp大作业开发\opencvprogram\NKUexperimenter\imgClass.h(1,1): warning C4828: 文件包含在偏移 0x898 处开始的字符，该字符在当前源字符集中无效(代码页 65001)。
E:\NKUcpp大作业开发\opencvprogram\NKUexperimenter\imgClass.h(1,1): warning C4828: 文件包含在偏移 0x89a 处开始的字符，该字符在当前源字符集中无效(代码页 65001)。
E:\NKUcpp大作业开发\opencvprogram\NKUexperimenter\imgClass.h(1,1): warning C4828: 文件包含在偏移 0x89c 处开始的字符，该字符在当前源字符集中无效(代码页 65001)。
E:\NKUcpp大作业开发\opencvprogram\NKUexperimenter\imgClass.h(1,1): warning C4828: 文件包含在偏移 0x8a0 处开始的字符，该字符在当前源字符集中无效(代码页 65001)。
E:\NKUcpp大作业开发\opencvprogram\NKUexperimenter\imgClass.h(1,1): warning C4828: 文件包含在偏移 0x8a1 处开始的字符，该字符在当前源字符集中无效(代码页 65001)。
E:\NKUcpp大作业开发\opencvprogram\NKUexperimenter\imgClass.h(1,1): warning C4828: 文件包含在偏移 0x8a3 处开始的字符，该字符在当前源字符集中无效(代码页 65001)。
E:\NKUcpp大作业开发\opencvprogram\NKUexperimenter\imgClass.h(1,1): warning C4828: 文件包含在偏移 0x8ab 处开始的字符，该字符在当前源字符集中无效(代码页 65001)。
E:\NKUcpp大作业开发\opencvprogram\NKUexperimenter\imgClass.h(1,1): warning C4828: 文件包含在偏移 0x8af 处开始的字符，该字符在当前源字符集中无效(代码页 65001)。
E:\NKUcpp大作业开发\opencvprogram\NKUexperimenter\imgClass.h(1,1): warning C4828: 文件包含在偏移 0x8b2 处开始的字符，该字符在当前源字符集中无效(代码页 65001)。
E:\NKUcpp大作业开发\opencvprogram\NKUexperimenter\imgClass.h(1,1): warning C4828: 文件包含在偏移 0x8b3 处开始的字符，该字符在当前源字符集中无效(代码页 65001)。
E:\NKUcpp大作业开发\opencvprogram\NKUexperimenter\imgClass.h(1,1): warning C4828: 文件包含在偏移 0x8b4 处开始的字符，该字符在当前源字符集中无效(代码页 65001)。
E:\NKUcpp大作业开发\opencvprogram\NKUexperimenter\imgClass.h(1,1): warning C4828: 文件包含在偏移 0x8b7 处开始的字符，该字符在当前源字符集中无效(代码页 65001)。
E:\NKUcpp大作业开发\opencvprogram\NKUexperimenter\imgClass.h(1,1): warning C4828: 文件包含在偏移 0x8b8 处开始的字符，该字符在当前源字符集中无效(代码页 65001)。
E:\NKUcpp大作业开发\opencvprogram\NKUexperimenter\imgClass.h(1,1): warning C4828: 文件包含在偏移 0x8bf 处开始的字符，该字符在当前源字符集中无效(代码页 65001)。
E:\NKUcpp大作业开发\opencvprogram\NKUexperimenter\imgClass.h(1,1): warning C4828: 文件包含在偏移 0x8c0 处开始的字符，该字符在当前源字符集中无效(代码页 65001)。
E:\NKUcpp大作业开发\opencvprogram\NKUexperimenter\imgClass.h(1,1): warning C4828: 文件包含在偏移 0x8c1 处开始的字符，该字符在当前源字符集中无效(代码页 65001)。
E:\NKUcpp大作业开发\opencvprogram\NKUexperimenter\imgClass.h(1,1): warning C4828: 文件包含在偏移 0x8c6 处开始的字符，该字符在当前源字符集中无效(代码页 65001)。
E:\NKUcpp大作业开发\opencvprogram\NKUexperimenter\imgClass.h(1,1): warning C4828: 文件包含在偏移 0x8c8 处开始的字符，该字符在当前源字符集中无效(代码页 65001)。
E:\NKUcpp大作业开发\opencvprogram\NKUexperimenter\imgClass.h(1,1): warning C4828: 文件包含在偏移 0x8c9 处开始的字符，该字符在当前源字符集中无效(代码页 65001)。
E:\NKUcpp大作业开发\opencvprogram\NKUexperimenter\imgClass.h(1,1): warning C4828: 文件包含在偏移 0x8ca 处开始的字符，该字符在当前源字符集中无效(代码页 65001)。
E:\NKUcpp大作业开发\opencvprogram\NKUexperimenter\imgClass.h(1,1): warning C4828: 文件包含在偏移 0x8ce 处开始的字符，该字符在当前源字符集中无效(代码页 65001)。
E:\NKUcpp大作业开发\opencvprogram\NKUexperimenter\imgClass.h(1,1): warning C4828: 文件包含在偏移 0x8cf 处开始的字符，该字符在当前源字符集中无效(代码页 65001)。
E:\NKUcpp大作业开发\opencvprogram\NKUexperimenter\imgClass.h(1,1): warning C4828: 文件包含在偏移 0x8d1 处开始的字符，该字符在当前源字符集中无效(代码页 65001)。
E:\NKUcpp大作业开发\opencvprogram\NKUexperimenter\imgClass.h(1,1): warning C4828: 文件包含在偏移 0x8d2 处开始的字符，该字符在当前源字符集中无效(代码页 65001)。
E:\NKUcpp大作业开发\opencvprogram\NKUexperimenter\imgClass.h(1,1): warning C4828: 文件包含在偏移 0x8d3 处开始的字符，该字符在当前源字符集中无效(代码页 65001)。
E:\NKUcpp大作业开发\opencvprogram\NKUexperimenter\imgClass.h(1,1): warning C4828: 文件包含在偏移 0x8d4 处开始的字符，该字符在当前源字符集中无效(代码页 65001)。
E:\NKUcpp大作业开发\opencvprogram\NKUexperimenter\imgClass.h(1,1): warning C4828: 文件包含在偏移 0x8d5 处开始的字符，该字符在当前源字符集中无效(代码页 65001)。
E:\NKUcpp大作业开发\opencvprogram\NKUexperimenter\imgClass.h(1,1): warning C4828: 文件包含在偏移 0x8d9 处开始的字符，该字符在当前源字符集中无效(代码页 65001)。
E:\NKUcpp大作业开发\opencvprogram\NKUexperimenter\imgClass.h(1,1): warning C4828: 文件包含在偏移 0x8da 处开始的字符，该字符在当前源字符集中无效(代码页 65001)。
E:\NKUcpp大作业开发\opencvprogram\NKUexperimenter\imgClass.h(1,1): warning C4828: 文件包含在偏移 0x8db 处开始的字符，该字符在当前源字符集中无效(代码页 65001)。
E:\NKUcpp大作业开发\opencvprogram\NKUexperimenter\imgClass.h(1,1): warning C4828: 文件包含在偏移 0x8dd 处开始的字符，该字符在当前源字符集中无效(代码页 65001)。
E:\NKUcpp大作业开发\opencvprogram\NKUexperimenter\imgClass.h(1,1): warning C4828: 文件包含在偏移 0x8df 处开始的字符，该字符在当前源字符集中无效(代码页 65001)。
E:\NKUcpp大作业开发\opencvprogram\NKUexperimenter\imgClass.h(1,1): warning C4828: 文件包含在偏移 0x8e1 处开始的字符，该字符在当前源字符集中无效(代码页 65001)。
E:\NKUcpp大作业开发\opencvprogram\NKUexperimenter\imgClass.h(1,1): warning C4828: 文件包含在偏移 0x938 处开始的字符，该字符在当前源字符集中无效(代码页 65001)。
E:\NKUcpp大作业开发\opencvprogram\NKUexperimenter\imgClass.h(1,1): warning C4828: 文件包含在偏移 0x939 处开始的字符，该字符在当前源字符集中无效(代码页 65001)。
E:\NKUcpp大作业开发\opencvprogram\NKUexperimenter\imgClass.h(1,1): warning C4828: 文件包含在偏移 0x93d 处开始的字符，该字符在当前源字符集中无效(代码页 65001)。
E:\NKUcpp大作业开发\opencvprogram\NKUexperimenter\imgClass.h(1,1): warning C4828: 文件包含在偏移 0x93e 处开始的字符，该字符在当前源字符集中无效(代码页 65001)。
E:\NKUcpp大作业开发\opencvprogram\NKUexperimenter\imgClass.h(1,1): warning C4828: 文件包含在偏移 0x93f 处开始的字符，该字符在当前源字符集中无效(代码页 65001)。
E:\NKUcpp大作业开发\opencvprogram\NKUexperimenter\imgClass.h(1,1): warning C4828: 文件包含在偏移 0x942 处开始的字符，该字符在当前源字符集中无效(代码页 65001)。
E:\NKUcpp大作业开发\opencvprogram\NKUexperimenter\imgClass.h(1,1): warning C4828: 文件包含在偏移 0x944 处开始的字符，该字符在当前源字符集中无效(代码页 65001)。
E:\NKUcpp大作业开发\opencvprogram\NKUexperimenter\imgClass.h(1,1): warning C4828: 文件包含在偏移 0x945 处开始的字符，该字符在当前源字符集中无效(代码页 65001)。
E:\NKUcpp大作业开发\opencvprogram\NKUexperimenter\imgClass.h(1,1): warning C4828: 文件包含在偏移 0x9cc 处开始的字符，该字符在当前源字符集中无效(代码页 65001)。
E:\NKUcpp大作业开发\opencvprogram\NKUexperimenter\imgClass.h(1,1): warning C4828: 文件包含在偏移 0x9cd 处开始的字符，该字符在当前源字符集中无效(代码页 65001)。
E:\NKUcpp大作业开发\opencvprogram\NKUexperimenter\imgClass.h(1,1): warning C4828: 文件包含在偏移 0x9d1 处开始的字符，该字符在当前源字符集中无效(代码页 65001)。
E:\NKUcpp大作业开发\opencvprogram\NKUexperimenter\imgClass.h(1,1): warning C4828: 文件包含在偏移 0x9d4 处开始的字符，该字符在当前源字符集中无效(代码页 65001)。
E:\NKUcpp大作业开发\opencvprogram\NKUexperimenter\imgClass.h(1,1): warning C4828: 文件包含在偏移 0x9d7 处开始的字符，该字符在当前源字符集中无效(代码页 65001)。
E:\NKUcpp大作业开发\opencvprogram\NKUexperimenter\imgClass.h(1,1): warning C4828: 文件包含在偏移 0x1195 处开始的字符，该字符在当前源字符集中无效(代码页 65001)。
E:\NKUcpp大作业开发\opencvprogram\NKUexperimenter\imgClass.h(1,1): warning C4828: 文件包含在偏移 0x1196 处开始的字符，该字符在当前源字符集中无效(代码页 65001)。
E:\NKUcpp大作业开发\opencvprogram\NKUexperimenter\imgClass.h(1,1): warning C4828: 文件包含在偏移 0x1197 处开始的字符，该字符在当前源字符集中无效(代码页 65001)。
E:\NKUcpp大作业开发\opencvprogram\NKUexperimenter\imgClass.h(1,1): warning C4828: 文件包含在偏移 0x1198 处开始的字符，该字符在当前源字符集中无效(代码页 65001)。
E:\NKUcpp大作业开发\opencvprogram\NKUexperimenter\imgClass.h(1,1): warning C4828: 文件包含在偏移 0x119a 处开始的字符，该字符在当前源字符集中无效(代码页 65001)。
E:\NKUcpp大作业开发\opencvprogram\NKUexperimenter\imgClass.h(1,1): warning C4828: 文件包含在偏移 0x119d 处开始的字符，该字符在当前源字符集中无效(代码页 65001)。
E:\NKUcpp大作业开发\opencvprogram\NKUexperimenter\imgClass.h(1,1): warning C4828: 文件包含在偏移 0x11a0 处开始的字符，该字符在当前源字符集中无效(代码页 65001)。
E:\NKUcpp大作业开发\opencvprogram\NKUexperimenter\imgClass.h(1,1): warning C4828: 文件包含在偏移 0x11d9 处开始的字符，该字符在当前源字符集中无效(代码页 65001)。
E:\NKUcpp大作业开发\opencvprogram\NKUexperimenter\imgClass.h(1,1): warning C4828: 文件包含在偏移 0x11da 处开始的字符，该字符在当前源字符集中无效(代码页 65001)。
E:\NKUcpp大作业开发\opencvprogram\NKUexperimenter\imgClass.h(1,1): warning C4828: 文件包含在偏移 0x11db 处开始的字符，该字符在当前源字符集中无效(代码页 65001)。
E:\NKUcpp大作业开发\opencvprogram\NKUexperimenter\imgClass.h(1,1): warning C4828: 文件包含在偏移 0x11dd 处开始的字符，该字符在当前源字符集中无效(代码页 65001)。
E:\NKUcpp大作业开发\opencvprogram\NKUexperimenter\imgClass.h(1,1): warning C4828: 文件包含在偏移 0x11df 处开始的字符，该字符在当前源字符集中无效(代码页 65001)。
E:\NKUcpp大作业开发\opencvprogram\NKUexperimenter\imgClass.h(1,1): warning C4828: 文件包含在偏移 0x11e1 处开始的字符，该字符在当前源字符集中无效(代码页 65001)。
E:\NKUcpp大作业开发\opencvprogram\NKUexperimenter\imgClass.h(1,1): warning C4828: 文件包含在偏移 0x11e2 处开始的字符，该字符在当前源字符集中无效(代码页 65001)。
E:\NKUcpp大作业开发\opencvprogram\NKUexperimenter\imgClass.h(1,1): warning C4828: 文件包含在偏移 0x11e3 处开始的字符，该字符在当前源字符集中无效(代码页 65001)。
E:\NKUcpp大作业开发\opencvprogram\NKUexperimenter\imgClass.h(1,1): warning C4828: 文件包含在偏移 0x11e4 处开始的字符，该字符在当前源字符集中无效(代码页 65001)。
E:\NKUcpp大作业开发\opencvprogram\NKUexperimenter\imgClass.h(1,1): warning C4828: 文件包含在偏移 0x11e7 处开始的字符，该字符在当前源字符集中无效(代码页 65001)。
E:\NKUcpp大作业开发\opencvprogram\NKUexperimenter\imgClass.h(1,1): warning C4828: 文件包含在偏移 0x11e9 处开始的字符，该字符在当前源字符集中无效(代码页 65001)。
E:\NKUcpp大作业开发\opencvprogram\NKUexperimenter\imgClass.h(1,1): warning C4828: 文件包含在偏移 0x11ea 处开始的字符，该字符在当前源字符集中无效(代码页 65001)。
E:\NKUcpp大作业开发\opencvprogram\NKUexperimenter\imgClass.h(1,1): warning C4828: 文件包含在偏移 0x11ec 处开始的字符，该字符在当前源字符集中无效(代码页 65001)。
E:\NKUcpp大作业开发\opencvprogram\NKUexperimenter\imgClass.h(1,1): warning C4828: 文件包含在偏移 0x11ef 处开始的字符，该字符在当前源字符集中无效(代码页 65001)。
E:\NKUcpp大作业开发\opencvprogram\NKUexperimenter\imgClass.h(1,1): warning C4828: 文件包含在偏移 0x11f2 处开始的字符，该字符在当前源字符集中无效(代码页 65001)。
E:\NKUcpp大作业开发\opencvprogram\NKUexperimenter\imgClass.h(1,1): warning C4828: 文件包含在偏移 0x15fc 处开始的字符，该字符在当前源字符集中无效(代码页 65001)。
E:\NKUcpp大作业开发\opencvprogram\NKUexperimenter\imgClass.h(1,1): warning C4828: 文件包含在偏移 0x15fe 处开始的字符，该字符在当前源字符集中无效(代码页 65001)。
E:\NKUcpp大作业开发\opencvprogram\NKUexperimenter\imgClass.h(1,1): warning C4828: 文件包含在偏移 0x15ff 处开始的字符，该字符在当前源字符集中无效(代码页 65001)。
E:\NKUcpp大作业开发\opencvprogram\NKUexperimenter\imgClass.h(1,1): warning C4828: 文件包含在偏移 0x1602 处开始的字符，该字符在当前源字符集中无效(代码页 65001)。
E:\NKUcpp大作业开发\opencvprogram\NKUexperimenter\imgClass.h(1,1): warning C4828: 文件包含在偏移 0x1604 处开始的字符，该字符在当前源字符集中无效(代码页 65001)。
E:\NKUcpp大作业开发\opencvprogram\NKUexperimenter\imgClass.h(1,1): warning C4828: 文件包含在偏移 0x1606 处开始的字符，该字符在当前源字符集中无效(代码页 65001)。
E:\NKUcpp大作业开发\opencvprogram\NKUexperimenter\imgClass.h(1,1): warning C4828: 文件包含在偏移 0x1609 处开始的字符，该字符在当前源字符集中无效(代码页 65001)。
E:\NKUcpp大作业开发\opencvprogram\NKUexperimenter\imgClass.h(1,1): warning C4828: 文件包含在偏移 0x160a 处开始的字符，该字符在当前源字符集中无效(代码页 65001)。
E:\NKUcpp大作业开发\opencvprogram\NKUexperimenter\imgClass.h(1,1): warning C4828: 文件包含在偏移 0x160c 处开始的字符，该字符在当前源字符集中无效(代码页 65001)。
E:\NKUcpp大作业开发\opencvprogram\NKUexperimenter\imgClass.h(1,1): warning C4828: 文件包含在偏移 0x160d 处开始的字符，该字符在当前源字符集中无效(代码页 65001)。
E:\NKUcpp大作业开发\opencvprogram\NKUexperimenter\imgClass.h(1,1): warning C4828: 文件包含在偏移 0x160e 处开始的字符，该字符在当前源字符集中无效(代码页 65001)。
E:\NKUcpp大作业开发\opencvprogram\NKUexperimenter\imgClass.h(1,1): warning C4828: 文件包含在偏移 0x1612 处开始的字符，该字符在当前源字符集中无效(代码页 65001)。
E:\NKUcpp大作业开发\opencvprogram\NKUexperimenter\imgClass.h(1,1): warning C4828: 文件包含在偏移 0x161a 处开始的字符，该字符在当前源字符集中无效(代码页 65001)。
E:\NKUcpp大作业开发\opencvprogram\NKUexperimenter\imgClass.h(1,1): warning C4828: 文件包含在偏移 0x161b 处开始的字符，该字符在当前源字符集中无效(代码页 65001)。
E:\NKUcpp大作业开发\opencvprogram\NKUexperimenter\imgClass.h(1,1): warning C4828: 文件包含在偏移 0x161e 处开始的字符，该字符在当前源字符集中无效(代码页 65001)。
E:\NKUcpp大作业开发\opencvprogram\NKUexperimenter\imgClass.h(1,1): warning C4828: 文件包含在偏移 0x161f 处开始的字符，该字符在当前源字符集中无效(代码页 65001)。
E:\NKUcpp大作业开发\opencvprogram\NKUexperimenter\imgClass.h(1,1): warning C4828: 文件包含在偏移 0x1621 处开始的字符，该字符在当前源字符集中无效(代码页 65001)。
E:\NKUcpp大作业开发\opencvprogram\NKUexperimenter\imgClass.h(1,1): warning C4828: 文件包含在偏移 0x1622 处开始的字符，该字符在当前源字符集中无效(代码页 65001)。
E:\NKUcpp大作业开发\opencvprogram\NKUexperimenter\imgClass.h(1,1): warning C4828: 文件包含在偏移 0x1624 处开始的字符，该字符在当前源字符集中无效(代码页 65001)。
E:\NKUcpp大作业开发\opencvprogram\NKUexperimenter\imgClass.h(1,1): warning C4828: 文件包含在偏移 0x1625 处开始的字符，该字符在当前源字符集中无效(代码页 65001)。
E:\NKUcpp大作业开发\opencvprogram\NKUexperimenter\imgClass.h(1,1): warning C4828: 文件包含在偏移 0x1626 处开始的字符，该字符在当前源字符集中无效(代码页 65001)。
E:\NKUcpp大作业开发\opencvprogram\NKUexperimenter\imgClass.h(1,1): warning C4828: 文件包含在偏移 0x1628 处开始的字符，该字符在当前源字符集中无效(代码页 65001)。
E:\NKUcpp大作业开发\opencvprogram\NKUexperimenter\imgClass.h(1,1): warning C4828: 文件包含在偏移 0x1629 处开始的字符，该字符在当前源字符集中无效(代码页 65001)。
E:\NKUcpp大作业开发\opencvprogram\NKUexperimenter\imgClass.h(1,1): warning C4828: 文件包含在偏移 0x162a 处开始的字符，该字符在当前源字符集中无效(代码页 65001)。
E:\NKUcpp大作业开发\opencvprogram\NKUexperimenter\imgClass.h(1,1): warning C4828: 文件包含在偏移 0x162e 处开始的字符，该字符在当前源字符集中无效(代码页 65001)。
E:\NKUcpp大作业开发\opencvprogram\NKUexperimenter\imgClass.h(1,1): warning C4828: 文件包含在偏移 0x1631 处开始的字符，该字符在当前源字符集中无效(代码页 65001)。
E:\NKUcpp大作业开发\opencvprogram\NKUexperimenter\imgClass.h(1,1): warning C4828: 文件包含在偏移 0x1648 处开始的字符，该字符在当前源字符集中无效(代码页 65001)。
E:\NKUcpp大作业开发\opencvprogram\NKUexperimenter\imgClass.h(1,1): warning C4828: 文件包含在偏移 0x1649 处开始的字符，该字符在当前源字符集中无效(代码页 65001)。
E:\NKUcpp大作业开发\opencvprogram\NKUexperimenter\imgClass.h(1,1): warning C4828: 文件包含在偏移 0x164a 处开始的字符，该字符在当前源字符集中无效(代码页 65001)。
E:\NKUcpp大作业开发\opencvprogram\NKUexperimenter\imgClass.h(1,1): warning C4828: 文件包含在偏移 0x164b 处开始的字符，该字符在当前源字符集中无效(代码页 65001)。
E:\NKUcpp大作业开发\opencvprogram\NKUexperimenter\imgClass.h(1,1): warning C4828: 文件包含在偏移 0x164d 处开始的字符，该字符在当前源字符集中无效(代码页 65001)。
E:\NKUcpp大作业开发\opencvprogram\NKUexperimenter\imgClass.h(1,1): warning C4828: 文件包含在偏移 0x1650 处开始的字符，该字符在当前源字符集中无效(代码页 65001)。
E:\NKUcpp大作业开发\opencvprogram\NKUexperimenter\imgClass.h(1,1): warning C4828: 文件包含在偏移 0x1653 处开始的字符，该字符在当前源字符集中无效(代码页 65001)。
E:\NKUcpp大作业开发\opencvprogram\NKUexperimenter\imgClass.h(1,1): warning C4828: 文件包含在偏移 0x16f5 处开始的字符，该字符在当前源字符集中无效(代码页 65001)。
E:\NKUcpp大作业开发\opencvprogram\NKUexperimenter\imgClass.h(1,1): warning C4828: 文件包含在偏移 0x16f7 处开始的字符，该字符在当前源字符集中无效(代码页 65001)。
E:\NKUcpp大作业开发\opencvprogram\NKUexperimenter\imgClass.h(1,1): warning C4828: 文件包含在偏移 0x16f9 处开始的字符，该字符在当前源字符集中无效(代码页 65001)。
E:\NKUcpp大作业开发\opencvprogram\NKUexperimenter\imgClass.h(1,1): warning C4828: 文件包含在偏移 0x16fd 处开始的字符，该字符在当前源字符集中无效(代码页 65001)。
E:\NKUcpp大作业开发\opencvprogram\NKUexperimenter\imgClass.h(1,1): warning C4828: 文件包含在偏移 0x16ff 处开始的字符，该字符在当前源字符集中无效(代码页 65001)。
E:\NKUcpp大作业开发\opencvprogram\NKUexperimenter\imgClass.h(1,1): warning C4828: 文件包含在偏移 0x1701 处开始的字符，该字符在当前源字符集中无效(代码页 65001)。
E:\NKUcpp大作业开发\opencvprogram\NKUexperimenter\imgClass.h(1,1): warning C4828: 文件包含在偏移 0x1702 处开始的字符，该字符在当前源字符集中无效(代码页 65001)。
E:\NKUcpp大作业开发\opencvprogram\NKUexperimenter\imgClass.h(1,1): warning C4828: 文件包含在偏移 0x1703 处开始的字符，该字符在当前源字符集中无效(代码页 65001)。
E:\NKUcpp大作业开发\opencvprogram\NKUexperimenter\imgClass.h(1,1): warning C4828: 文件包含在偏移 0x1705 处开始的字符，该字符在当前源字符集中无效(代码页 65001)。
E:\NKUcpp大作业开发\opencvprogram\NKUexperimenter\imgClass.h(1,1): warning C4828: 文件包含在偏移 0x1707 处开始的字符，该字符在当前源字符集中无效(代码页 65001)。
E:\NKUcpp大作业开发\opencvprogram\NKUexperimenter\imgClass.h(1,1): warning C4828: 文件包含在偏移 0x1708 处开始的字符，该字符在当前源字符集中无效(代码页 65001)。
E:\NKUcpp大作业开发\opencvprogram\NKUexperimenter\imgClass.h(1,1): warning C4828: 文件包含在偏移 0x170b 处开始的字符，该字符在当前源字符集中无效(代码页 65001)。
E:\NKUcpp大作业开发\opencvprogram\NKUexperimenter\imgClass.h(1,1): warning C4828: 文件包含在偏移 0x170f 处开始的字符，该字符在当前源字符集中无效(代码页 65001)。
E:\NKUcpp大作业开发\opencvprogram\NKUexperimenter\imgClass.h(1,1): warning C4828: 文件包含在偏移 0x1713 处开始的字符，该字符在当前源字符集中无效(代码页 65001)。
E:\NKUcpp大作业开发\opencvprogram\NKUexperimenter\imgClass.h(1,1): warning C4828: 文件包含在偏移 0x1715 处开始的字符，该字符在当前源字符集中无效(代码页 65001)。
E:\NKUcpp大作业开发\opencvprogram\NKUexperimenter\imgClass.h(1,1): warning C4828: 文件包含在偏移 0x1716 处开始的字符，该字符在当前源字符集中无效(代码页 65001)。
E:\NKUcpp大作业开发\opencvprogram\NKUexperimenter\imgClass.h(1,1): warning C4828: 文件包含在偏移 0x1718 处开始的字符，该字符在当前源字符集中无效(代码页 65001)。
E:\NKUcpp大作业开发\opencvprogram\NKUexperimenter\imgClass.h(1,1): warning C4828: 文件包含在偏移 0x171a 处开始的字符，该字符在当前源字符集中无效(代码页 65001)。
E:\NKUcpp大作业开发\opencvprogram\NKUexperimenter\imgClass.h(1,1): warning C4828: 文件包含在偏移 0x1759 处开始的字符，该字符在当前源字符集中无效(代码页 65001)。
E:\NKUcpp大作业开发\opencvprogram\NKUexperimenter\imgClass.h(1,1): warning C4828: 文件包含在偏移 0x175a 处开始的字符，该字符在当前源字符集中无效(代码页 65001)。
E:\NKUcpp大作业开发\opencvprogram\NKUexperimenter\imgClass.h(1,1): warning C4828: 文件包含在偏移 0x175e 处开始的字符，该字符在当前源字符集中无效(代码页 65001)。
E:\NKUcpp大作业开发\opencvprogram\NKUexperimenter\imgClass.h(1,1): warning C4828: 文件包含在偏移 0x1761 处开始的字符，该字符在当前源字符集中无效(代码页 65001)。
E:\NKUcpp大作业开发\opencvprogram\NKUexperimenter\imgClass.h(1,1): warning C4828: 文件包含在偏移 0x1762 处开始的字符，该字符在当前源字符集中无效(代码页 65001)。
E:\NKUcpp大作业开发\opencvprogram\NKUexperimenter\imgClass.h(1,1): warning C4828: 文件包含在偏移 0x1764 处开始的字符，该字符在当前源字符集中无效(代码页 65001)。
E:\NKUcpp大作业开发\opencvprogram\NKUexperimenter\imgClass.h(1,1): warning C4828: 文件包含在偏移 0x178d 处开始的字符，该字符在当前源字符集中无效(代码页 65001)。
E:\NKUcpp大作业开发\opencvprogram\NKUexperimenter\imgClass.h(1,1): warning C4828: 文件包含在偏移 0x1791 处开始的字符，该字符在当前源字符集中无效(代码页 65001)。
E:\NKUcpp大作业开发\opencvprogram\NKUexperimenter\imgClass.h(1,1): warning C4828: 文件包含在偏移 0x1794 处开始的字符，该字符在当前源字符集中无效(代码页 65001)。
E:\NKUcpp大作业开发\opencvprogram\NKUexperimenter\imgClass.h(1,1): warning C4828: 文件包含在偏移 0x17b1 处开始的字符，该字符在当前源字符集中无效(代码页 65001)。
E:\NKUcpp大作业开发\opencvprogram\NKUexperimenter\imgClass.h(1,1): warning C4828: 文件包含在偏移 0x17b3 处开始的字符，该字符在当前源字符集中无效(代码页 65001)。
E:\NKUcpp大作业开发\opencvprogram\NKUexperimenter\imgClass.h(1,1): warning C4828: 文件包含在偏移 0x17b6 处开始的字符，该字符在当前源字符集中无效(代码页 65001)。
E:\NKUcpp大作业开发\opencvprogram\NKUexperimenter\imgClass.h(1,1): warning C4828: 文件包含在偏移 0x17b8 处开始的字符，该字符在当前源字符集中无效(代码页 65001)。
E:\NKUcpp大作业开发\opencvprogram\NKUexperimenter\imgClass.h(1,1): warning C4828: 文件包含在偏移 0x17fa 处开始的字符，该字符在当前源字符集中无效(代码页 65001)。
E:\NKUcpp大作业开发\opencvprogram\NKUexperimenter\imgClass.h(1,1): warning C4828: 文件包含在偏移 0x17fb 处开始的字符，该字符在当前源字符集中无效(代码页 65001)。
E:\NKUcpp大作业开发\opencvprogram\NKUexperimenter\imgClass.h(1,1): warning C4828: 文件包含在偏移 0x17fd 处开始的字符，该字符在当前源字符集中无效(代码页 65001)。
E:\NKUcpp大作业开发\opencvprogram\NKUexperimenter\imgClass.h(1,1): warning C4828: 文件包含在偏移 0x1802 处开始的字符，该字符在当前源字符集中无效(代码页 65001)。
E:\NKUcpp大作业开发\opencvprogram\NKUexperimenter\imgClass.h(1,1): warning C4828: 文件包含在偏移 0x1804 处开始的字符，该字符在当前源字符集中无效(代码页 65001)。
E:\NKUcpp大作业开发\opencvprogram\NKUexperimenter\imgClass.h(1,1): warning C4828: 文件包含在偏移 0x1809 处开始的字符，该字符在当前源字符集中无效(代码页 65001)。
E:\NKUcpp大作业开发\opencvprogram\NKUexperimenter\imgClass.h(1,1): warning C4828: 文件包含在偏移 0x1867 处开始的字符，该字符在当前源字符集中无效(代码页 65001)。
E:\NKUcpp大作业开发\opencvprogram\NKUexperimenter\imgClass.h(1,1): warning C4828: 文件包含在偏移 0x1868 处开始的字符，该字符在当前源字符集中无效(代码页 65001)。
E:\NKUcpp大作业开发\opencvprogram\NKUexperimenter\imgClass.h(1,1): warning C4828: 文件包含在偏移 0x186c 处开始的字符，该字符在当前源字符集中无效(代码页 65001)。
E:\NKUcpp大作业开发\opencvprogram\NKUexperimenter\imgClass.h(1,1): warning C4828: 文件包含在偏移 0x186f 处开始的字符，该字符在当前源字符集中无效(代码页 65001)。
E:\NKUcpp大作业开发\opencvprogram\NKUexperimenter\imgClass.h(1,1): warning C4828: 文件包含在偏移 0x1870 处开始的字符，该字符在当前源字符集中无效(代码页 65001)。
E:\NKUcpp大作业开发\opencvprogram\NKUexperimenter\imgClass.h(1,1): warning C4828: 文件包含在偏移 0x1872 处开始的字符，该字符在当前源字符集中无效(代码页 65001)。
E:\NKUcpp大作业开发\opencvprogram\NKUexperimenter\imgClass.h(1,1): warning C4828: 文件包含在偏移 0x1876 处开始的字符，该字符在当前源字符集中无效(代码页 65001)。
E:\NKUcpp大作业开发\opencvprogram\NKUexperimenter\imgClass.h(1,1): warning C4828: 文件包含在偏移 0x1877 处开始的字符，该字符在当前源字符集中无效(代码页 65001)。
E:\NKUcpp大作业开发\opencvprogram\NKUexperimenter\imgClass.h(1,1): warning C4828: 文件包含在偏移 0x187b 处开始的字符，该字符在当前源字符集中无效(代码页 65001)。
E:\NKUcpp大作业开发\opencvprogram\NKUexperimenter\imgClass.h(1,1): warning C4828: 文件包含在偏移 0x1905 处开始的字符，该字符在当前源字符集中无效(代码页 65001)。
E:\NKUcpp大作业开发\opencvprogram\NKUexperimenter\imgClass.h(1,1): warning C4828: 文件包含在偏移 0x1907 处开始的字符，该字符在当前源字符集中无效(代码页 65001)。
E:\NKUcpp大作业开发\opencvprogram\NKUexperimenter\imgClass.h(1,1): warning C4828: 文件包含在偏移 0x1908 处开始的字符，该字符在当前源字符集中无效(代码页 65001)。
E:\NKUcpp大作业开发\opencvprogram\NKUexperimenter\imgClass.h(1,1): warning C4828: 文件包含在偏移 0x190a 处开始的字符，该字符在当前源字符集中无效(代码页 65001)。
E:\NKUcpp大作业开发\opencvprogram\NKUexperimenter\imgClass.h(1,1): warning C4828: 文件包含在偏移 0x190d 处开始的字符，该字符在当前源字符集中无效(代码页 65001)。
E:\NKUcpp大作业开发\opencvprogram\NKUexperimenter\imgClass.h(1,1): warning C4828: 文件包含在偏移 0x190e 处开始的字符，该字符在当前源字符集中无效(代码页 65001)。
E:\NKUcpp大作业开发\opencvprogram\NKUexperimenter\imgClass.h(1,1): warning C4828: 文件包含在偏移 0x1985 处开始的字符，该字符在当前源字符集中无效(代码页 65001)。
E:\NKUcpp大作业开发\opencvprogram\NKUexperimenter\imgClass.h(1,1): warning C4828: 文件包含在偏移 0x198b 处开始的字符，该字符在当前源字符集中无效(代码页 65001)。
E:\NKUcpp大作业开发\opencvprogram\NKUexperimenter\imgClass.h(1,1): warning C4828: 文件包含在偏移 0x1a23 处开始的字符，该字符在当前源字符集中无效(代码页 65001)。
E:\NKUcpp大作业开发\opencvprogram\NKUexperimenter\imgClass.h(1,1): warning C4828: 文件包含在偏移 0x1a24 处开始的字符，该字符在当前源字符集中无效(代码页 65001)。
E:\NKUcpp大作业开发\opencvprogram\NKUexperimenter\imgClass.h(1,1): warning C4828: 文件包含在偏移 0x1a25 处开始的字符，该字符在当前源字符集中无效(代码页 65001)。
E:\NKUcpp大作业开发\opencvprogram\NKUexperimenter\imgClass.h(1,1): warning C4828: 文件包含在偏移 0x1a27 处开始的字符，该字符在当前源字符集中无效(代码页 65001)。
E:\NKUcpp大作业开发\opencvprogram\NKUexperimenter\imgClass.h(1,1): warning C4828: 文件包含在偏移 0x1a29 处开始的字符，该字符在当前源字符集中无效(代码页 65001)。
E:\NKUcpp大作业开发\opencvprogram\NKUexperimenter\imgClass.h(1,1): warning C4828: 文件包含在偏移 0x1a2b 处开始的字符，该字符在当前源字符集中无效(代码页 65001)。
E:\NKUcpp大作业开发\opencvprogram\NKUexperimenter\imgClass.h(1,1): warning C4828: 文件包含在偏移 0x1a2c 处开始的字符，该字符在当前源字符集中无效(代码页 65001)。
E:\NKUcpp大作业开发\opencvprogram\NKUexperimenter\imgClass.h(1,1): warning C4828: 文件包含在偏移 0x1a2d 处开始的字符，该字符在当前源字符集中无效(代码页 65001)。
E:\NKUcpp大作业开发\opencvprogram\NKUexperimenter\imgClass.h(1,1): warning C4828: 文件包含在偏移 0x1a2f 处开始的字符，该字符在当前源字符集中无效(代码页 65001)。
E:\NKUcpp大作业开发\opencvprogram\NKUexperimenter\imgClass.h(1,1): warning C4828: 文件包含在偏移 0x1a32 处开始的字符，该字符在当前源字符集中无效(代码页 65001)。
E:\NKUcpp大作业开发\opencvprogram\NKUexperimenter\imgClass.h(1,1): warning C4828: 文件包含在偏移 0x1a35 处开始的字符，该字符在当前源字符集中无效(代码页 65001)。
E:\NKUcpp大作业开发\opencvprogram\NKUexperimenter\imgClass.h(1,1): warning C4828: 文件包含在偏移 0x1a39 处开始的字符，该字符在当前源字符集中无效(代码页 65001)。
E:\NKUcpp大作业开发\opencvprogram\NKUexperimenter\imgClass.h(1,1): warning C4828: 文件包含在偏移 0x1a3a 处开始的字符，该字符在当前源字符集中无效(代码页 65001)。
E:\NKUcpp大作业开发\opencvprogram\NKUexperimenter\imgClass.h(1,1): warning C4828: 文件包含在偏移 0x1a3e 处开始的字符，该字符在当前源字符集中无效(代码页 65001)。
E:\NKUcpp大作业开发\opencvprogram\NKUexperimenter\imgClass.h(1,1): warning C4828: 文件包含在偏移 0x1b07 处开始的字符，该字符在当前源字符集中无效(代码页 65001)。
E:\NKUcpp大作业开发\opencvprogram\NKUexperimenter\imgClass.h(1,1): warning C4828: 文件包含在偏移 0x1b09 处开始的字符，该字符在当前源字符集中无效(代码页 65001)。
E:\NKUcpp大作业开发\opencvprogram\NKUexperimenter\imgClass.h(1,1): warning C4828: 文件包含在偏移 0x1b0b 处开始的字符，该字符在当前源字符集中无效(代码页 65001)。
E:\NKUcpp大作业开发\opencvprogram\NKUexperimenter\imgClass.h(1,1): warning C4828: 文件包含在偏移 0x1b0f 处开始的字符，该字符在当前源字符集中无效(代码页 65001)。
E:\NKUcpp大作业开发\opencvprogram\NKUexperimenter\imgClass.h(1,1): warning C4828: 文件包含在偏移 0x1b11 处开始的字符，该字符在当前源字符集中无效(代码页 65001)。
E:\NKUcpp大作业开发\opencvprogram\NKUexperimenter\imgClass.h(1,1): warning C4828: 文件包含在偏移 0x1b13 处开始的字符，该字符在当前源字符集中无效(代码页 65001)。
E:\NKUcpp大作业开发\opencvprogram\NKUexperimenter\imgClass.h(1,1): warning C4828: 文件包含在偏移 0x1b14 处开始的字符，该字符在当前源字符集中无效(代码页 65001)。
E:\NKUcpp大作业开发\opencvprogram\NKUexperimenter\imgClass.h(1,1): warning C4828: 文件包含在偏移 0x1b15 处开始的字符，该字符在当前源字符集中无效(代码页 65001)。
E:\NKUcpp大作业开发\opencvprogram\NKUexperimenter\imgClass.h(1,1): warning C4828: 文件包含在偏移 0x1b17 处开始的字符，该字符在当前源字符集中无效(代码页 65001)。
E:\NKUcpp大作业开发\opencvprogram\NKUexperimenter\imgClass.h(1,1): warning C4828: 文件包含在偏移 0x1b19 处开始的字符，该字符在当前源字符集中无效(代码页 65001)。
E:\NKUcpp大作业开发\opencvprogram\NKUexperimenter\imgClass.h(1,1): warning C4828: 文件包含在偏移 0x1b1a 处开始的字符，该字符在当前源字符集中无效(代码页 65001)。
E:\NKUcpp大作业开发\opencvprogram\NKUexperimenter\imgClass.h(1,1): warning C4828: 文件包含在偏移 0x1b1d 处开始的字符，该字符在当前源字符集中无效(代码页 65001)。
E:\NKUcpp大作业开发\opencvprogram\NKUexperimenter\imgClass.h(1,1): warning C4828: 文件包含在偏移 0x1b21 处开始的字符，该字符在当前源字符集中无效(代码页 65001)。
E:\NKUcpp大作业开发\opencvprogram\NKUexperimenter\imgClass.h(1,1): warning C4828: 文件包含在偏移 0x1b25 处开始的字符，该字符在当前源字符集中无效(代码页 65001)。
E:\NKUcpp大作业开发\opencvprogram\NKUexperimenter\imgClass.h(1,1): warning C4828: 文件包含在偏移 0x1b27 处开始的字符，该字符在当前源字符集中无效(代码页 65001)。
E:\NKUcpp大作业开发\opencvprogram\NKUexperimenter\imgClass.h(1,1): warning C4828: 文件包含在偏移 0x1b28 处开始的字符，该字符在当前源字符集中无效(代码页 65001)。
E:\NKUcpp大作业开发\opencvprogram\NKUexperimenter\imgClass.h(1,1): warning C4828: 文件包含在偏移 0x1b2a 处开始的字符，该字符在当前源字符集中无效(代码页 65001)。
E:\NKUcpp大作业开发\opencvprogram\NKUexperimenter\imgClass.h(1,1): warning C4828: 文件包含在偏移 0x1b2c 处开始的字符，该字符在当前源字符集中无效(代码页 65001)。
E:\NKUcpp大作业开发\opencvprogram\NKUexperimenter\imgClass.h(1,1): warning C4828: 文件包含在偏移 0x1b6b 处开始的字符，该字符在当前源字符集中无效(代码页 65001)。
E:\NKUcpp大作业开发\opencvprogram\NKUexperimenter\imgClass.h(1,1): warning C4828: 文件包含在偏移 0x1b6c 处开始的字符，该字符在当前源字符集中无效(代码页 65001)。
E:\NKUcpp大作业开发\opencvprogram\NKUexperimenter\imgClass.h(1,1): warning C4828: 文件包含在偏移 0x1b70 处开始的字符，该字符在当前源字符集中无效(代码页 65001)。
E:\NKUcpp大作业开发\opencvprogram\NKUexperimenter\imgClass.h(1,1): warning C4828: 文件包含在偏移 0x1b73 处开始的字符，该字符在当前源字符集中无效(代码页 65001)。
E:\NKUcpp大作业开发\opencvprogram\NKUexperimenter\imgClass.h(1,1): warning C4828: 文件包含在偏移 0x1b74 处开始的字符，该字符在当前源字符集中无效(代码页 65001)。
E:\NKUcpp大作业开发\opencvprogram\NKUexperimenter\imgClass.h(1,1): warning C4828: 文件包含在偏移 0x1b76 处开始的字符，该字符在当前源字符集中无效(代码页 65001)。
E:\NKUcpp大作业开发\opencvprogram\NKUexperimenter\imgClass.h(1,1): warning C4828: 文件包含在偏移 0x1b95 处开始的字符，该字符在当前源字符集中无效(代码页 65001)。
E:\NKUcpp大作业开发\opencvprogram\NKUexperimenter\imgClass.h(1,1): warning C4828: 文件包含在偏移 0x1b97 处开始的字符，该字符在当前源字符集中无效(代码页 65001)。
E:\NKUcpp大作业开发\opencvprogram\NKUexperimenter\imgClass.h(1,1): warning C4828: 文件包含在偏移 0x1b9a 处开始的字符，该字符在当前源字符集中无效(代码页 65001)。
E:\NKUcpp大作业开发\opencvprogram\NKUexperimenter\imgClass.h(1,1): warning C4828: 文件包含在偏移 0x1b9c 处开始的字符，该字符在当前源字符集中无效(代码页 65001)。
E:\NKUcpp大作业开发\opencvprogram\NKUexperimenter\imgClass.h(1,1): warning C4828: 文件包含在偏移 0x1bde 处开始的字符，该字符在当前源字符集中无效(代码页 65001)。
E:\NKUcpp大作业开发\opencvprogram\NKUexperimenter\imgClass.h(1,1): warning C4828: 文件包含在偏移 0x1bdf 处开始的字符，该字符在当前源字符集中无效(代码页 65001)。
E:\NKUcpp大作业开发\opencvprogram\NKUexperimenter\imgClass.h(1,1): warning C4828: 文件包含在偏移 0x1be1 处开始的字符，该字符在当前源字符集中无效(代码页 65001)。
E:\NKUcpp大作业开发\opencvprogram\NKUexperimenter\imgClass.h(1,1): warning C4828: 文件包含在偏移 0x1be6 处开始的字符，该字符在当前源字符集中无效(代码页 65001)。
E:\NKUcpp大作业开发\opencvprogram\NKUexperimenter\imgClass.h(1,1): warning C4828: 文件包含在偏移 0x1be8 处开始的字符，该字符在当前源字符集中无效(代码页 65001)。
E:\NKUcpp大作业开发\opencvprogram\NKUexperimenter\imgClass.h(1,1): warning C4828: 文件包含在偏移 0x1bed 处开始的字符，该字符在当前源字符集中无效(代码页 65001)。
E:\NKUcpp大作业开发\opencvprogram\NKUexperimenter\imgClass.h(1,1): warning C4828: 文件包含在偏移 0x1c4b 处开始的字符，该字符在当前源字符集中无效(代码页 65001)。
E:\NKUcpp大作业开发\opencvprogram\NKUexperimenter\imgClass.h(1,1): warning C4828: 文件包含在偏移 0x1c4c 处开始的字符，该字符在当前源字符集中无效(代码页 65001)。
E:\NKUcpp大作业开发\opencvprogram\NKUexperimenter\imgClass.h(1,1): warning C4828: 文件包含在偏移 0x1c50 处开始的字符，该字符在当前源字符集中无效(代码页 65001)。
E:\NKUcpp大作业开发\opencvprogram\NKUexperimenter\imgClass.h(1,1): warning C4828: 文件包含在偏移 0x1c53 处开始的字符，该字符在当前源字符集中无效(代码页 65001)。
E:\NKUcpp大作业开发\opencvprogram\NKUexperimenter\imgClass.h(1,1): warning C4828: 文件包含在偏移 0x1c54 处开始的字符，该字符在当前源字符集中无效(代码页 65001)。
E:\NKUcpp大作业开发\opencvprogram\NKUexperimenter\imgClass.h(1,1): warning C4828: 文件包含在偏移 0x1c56 处开始的字符，该字符在当前源字符集中无效(代码页 65001)。
E:\NKUcpp大作业开发\opencvprogram\NKUexperimenter\imgClass.h(1,1): warning C4828: 文件包含在偏移 0x1c5a 处开始的字符，该字符在当前源字符集中无效(代码页 65001)。
E:\NKUcpp大作业开发\opencvprogram\NKUexperimenter\imgClass.h(1,1): warning C4828: 文件包含在偏移 0x1c5b 处开始的字符，该字符在当前源字符集中无效(代码页 65001)。
E:\NKUcpp大作业开发\opencvprogram\NKUexperimenter\imgClass.h(1,1): warning C4828: 文件包含在偏移 0x1c5f 处开始的字符，该字符在当前源字符集中无效(代码页 65001)。
E:\NKUcpp大作业开发\opencvprogram\NKUexperimenter\imgClass.h(1,1): warning C4828: 文件包含在偏移 0x1ce9 处开始的字符，该字符在当前源字符集中无效(代码页 65001)。
E:\NKUcpp大作业开发\opencvprogram\NKUexperimenter\imgClass.h(1,1): warning C4828: 文件包含在偏移 0x1ceb 处开始的字符，该字符在当前源字符集中无效(代码页 65001)。
E:\NKUcpp大作业开发\opencvprogram\NKUexperimenter\imgClass.h(1,1): warning C4828: 文件包含在偏移 0x1cec 处开始的字符，该字符在当前源字符集中无效(代码页 65001)。
E:\NKUcpp大作业开发\opencvprogram\NKUexperimenter\imgClass.h(1,1): warning C4828: 文件包含在偏移 0x1cee 处开始的字符，该字符在当前源字符集中无效(代码页 65001)。
E:\NKUcpp大作业开发\opencvprogram\NKUexperimenter\imgClass.h(1,1): warning C4828: 文件包含在偏移 0x1cf1 处开始的字符，该字符在当前源字符集中无效(代码页 65001)。
E:\NKUcpp大作业开发\opencvprogram\NKUexperimenter\imgClass.h(1,1): warning C4828: 文件包含在偏移 0x1cf2 处开始的字符，该字符在当前源字符集中无效(代码页 65001)。
E:\NKUcpp大作业开发\opencvprogram\NKUexperimenter\imgClass.h(1,1): warning C4828: 文件包含在偏移 0x1d69 处开始的字符，该字符在当前源字符集中无效(代码页 65001)。
E:\NKUcpp大作业开发\opencvprogram\NKUexperimenter\imgClass.h(1,1): warning C4828: 文件包含在偏移 0x1d6f 处开始的字符，该字符在当前源字符集中无效(代码页 65001)。
E:\NKUcpp大作业开发\opencvprogram\NKUexperimenter\imgClass.h(1,1): warning C4828: 文件包含在偏移 0x269e 处开始的字符，该字符在当前源字符集中无效(代码页 65001)。
E:\NKUcpp大作业开发\opencvprogram\NKUexperimenter\imgClass.h(1,1): warning C4828: 文件包含在偏移 0x26a0 处开始的字符，该字符在当前源字符集中无效(代码页 65001)。
E:\NKUcpp大作业开发\opencvprogram\NKUexperimenter\imgClass.h(1,1): warning C4828: 文件包含在偏移 0x26a1 处开始的字符，该字符在当前源字符集中无效(代码页 65001)。
E:\NKUcpp大作业开发\opencvprogram\NKUexperimenter\imgClass.h(1,1): warning C4828: 文件包含在偏移 0x26a3 处开始的字符，该字符在当前源字符集中无效(代码页 65001)。
E:\NKUcpp大作业开发\opencvprogram\NKUexperimenter\imgClass.h(1,1): warning C4828: 文件包含在偏移 0x26a4 处开始的字符，该字符在当前源字符集中无效(代码页 65001)。
E:\NKUcpp大作业开发\opencvprogram\NKUexperimenter\imgClass.h(1,1): warning C4828: 文件包含在偏移 0x26f8 处开始的字符，该字符在当前源字符集中无效(代码页 65001)。
E:\NKUcpp大作业开发\opencvprogram\NKUexperimenter\imgClass.h(1,1): warning C4828: 文件包含在偏移 0x26fc 处开始的字符，该字符在当前源字符集中无效(代码页 65001)。
E:\NKUcpp大作业开发\opencvprogram\NKUexperimenter\imgClass.h(1,1): warning C4828: 文件包含在偏移 0x26fe 处开始的字符，该字符在当前源字符集中无效(代码页 65001)。
E:\NKUcpp大作业开发\opencvprogram\NKUexperimenter\imgClass.h(1,1): warning C4828: 文件包含在偏移 0x2701 处开始的字符，该字符在当前源字符集中无效(代码页 65001)。
E:\NKUcpp大作业开发\opencvprogram\NKUexperimenter\imgClass.h(1,1): warning C4828: 文件包含在偏移 0x2705 处开始的字符，该字符在当前源字符集中无效(代码页 65001)。
E:\NKUcpp大作业开发\opencvprogram\NKUexperimenter\imgClass.h(1,1): warning C4828: 文件包含在偏移 0x2706 处开始的字符，该字符在当前源字符集中无效(代码页 65001)。
E:\NKUcpp大作业开发\opencvprogram\NKUexperimenter\imgClass.h(313,57): warning C4267: “参数”: 从“size_t”转换到“int”，可能丢失数据
  NKUexperimenter.vcxproj -> E:\NKUcpp大作业开发\opencvprogram\NKUexperimenter\x64\Debug\NKUexperimenter.exe
