e:\nkucpp大作业开发\opencvprogram\nkuexperimenter\x64\release\vc143.pdb
e:\nkucpp大作业开发\opencvprogram\nkuexperimenter\x64\release\qrc_nkuexperimenter.obj
e:\nkucpp大作业开发\opencvprogram\nkuexperimenter\x64\release\welcome.obj
e:\nkucpp大作业开发\opencvprogram\nkuexperimenter\x64\release\helpdoc.obj
e:\nkucpp大作业开发\opencvprogram\nkuexperimenter\x64\release\nkuexperimenter.obj
e:\nkucpp大作业开发\opencvprogram\nkuexperimenter\x64\release\main.obj
e:\nkucpp大作业开发\opencvprogram\nkuexperimenter\x64\release\moc_helpdoc.obj
e:\nkucpp大作业开发\opencvprogram\nkuexperimenter\x64\release\moc_nkuexperimenter.obj
e:\nkucpp大作业开发\opencvprogram\nkuexperimenter\x64\release\moc_welcome.obj
e:\nkucpp大作业开发\opencvprogram\nkuexperimenter\x64\release\nkuexperimenter.exe
e:\nkucpp大作业开发\opencvprogram\nkuexperimenter\x64\release\nkuexperimenter.ipdb
e:\nkucpp大作业开发\opencvprogram\nkuexperimenter\x64\release\nkuexperimenter.iobj
e:\nkucpp大作业开发\opencvprogram\nkuexperimenter\x64\release\moc\moc_nkuexperimenter.cpp
e:\nkucpp大作业开发\opencvprogram\nkuexperimenter\x64\release\moc\moc_helpdoc.cpp
e:\nkucpp大作业开发\opencvprogram\nkuexperimenter\x64\release\moc\moc_welcome.cpp
e:\nkucpp大作业开发\opencvprogram\nkuexperimenter\x64\release\uic\ui_helpdoc.h
e:\nkucpp大作业开发\opencvprogram\nkuexperimenter\x64\release\uic\ui_nkuexperimenter.h
e:\nkucpp大作业开发\opencvprogram\nkuexperimenter\x64\release\uic\ui_welcome.h
e:\nkucpp大作业开发\opencvprogram\nkuexperimenter\x64\release\rcc\qrc_nkuexperimenter.cpp
e:\nkucpp大作业开发\opencvprogram\nkuexperimenter\x64\release\nkuexperimenter.tlog\cl.command.1.tlog
e:\nkucpp大作业开发\opencvprogram\nkuexperimenter\x64\release\nkuexperimenter.tlog\cl.items.tlog
e:\nkucpp大作业开发\opencvprogram\nkuexperimenter\x64\release\nkuexperimenter.tlog\cl.read.1.tlog
e:\nkucpp大作业开发\opencvprogram\nkuexperimenter\x64\release\nkuexperimenter.tlog\cl.write.1.tlog
e:\nkucpp大作业开发\opencvprogram\nkuexperimenter\x64\release\nkuexperimenter.tlog\link.command.1.tlog
e:\nkucpp大作业开发\opencvprogram\nkuexperimenter\x64\release\nkuexperimenter.tlog\link.read.1.tlog
e:\nkucpp大作业开发\opencvprogram\nkuexperimenter\x64\release\nkuexperimenter.tlog\link.write.1.tlog
e:\nkucpp大作业开发\opencvprogram\nkuexperimenter\x64\release\nkuexperimenter.tlog\link.write.2u.tlog
e:\nkucpp大作业开发\opencvprogram\nkuexperimenter\x64\release\nkuexperimenter.tlog\moc.read.1u.tlog
e:\nkucpp大作业开发\opencvprogram\nkuexperimenter\x64\release\nkuexperimenter.tlog\moc.write.1u.tlog
e:\nkucpp大作业开发\opencvprogram\nkuexperimenter\x64\release\nkuexperimenter.tlog\nkuexperimenter.write.1u.tlog
e:\nkucpp大作业开发\opencvprogram\nkuexperimenter\x64\release\nkuexperimenter.tlog\rcc.read.1u.tlog
e:\nkucpp大作业开发\opencvprogram\nkuexperimenter\x64\release\nkuexperimenter.tlog\rcc.write.1u.tlog
e:\nkucpp大作业开发\opencvprogram\nkuexperimenter\x64\release\nkuexperimenter.tlog\uic.read.1u.tlog
e:\nkucpp大作业开发\opencvprogram\nkuexperimenter\x64\release\nkuexperimenter.tlog\uic.write.1u.tlog
